<?xml version="1.0" ?>
<coverage version="7.10.7" timestamp="1759243683560" lines-valid="14854" lines-covered="6507" line-rate="0.4381" branches-valid="4918" branches-covered="1373" branch-rate="0.2792" complexity="0">
	<!-- Generated by coverage.py: https://coverage.readthedocs.io/en/7.10.7 -->
	<!-- Based on https://raw.githubusercontent.com/cobertura/web/master/htdocs/xml/coverage-04.dtd -->
	<sources>
		<source>/Users/r2d2/Documents/Code_Projects/spacechemical-nextjs/bmad-openapi-mcp-server</source>
	</sources>
	<packages>
		<package name="src.swagger_mcp_server" line-rate="0.4414" branch-rate="0.2143" complexity="0">
			<classes>
				<class name="__version__.py" filename="src/swagger_mcp_server/__version__.py" complexity="0" line-rate="1" branch-rate="1">
					<methods/>
					<lines>
						<line number="3" hits="1"/>
						<line number="4" hits="1"/>
						<line number="5" hits="1"/>
						<line number="6" hits="1"/>
						<line number="7" hits="1"/>
					</lines>
				</class>
				<class name="main.py" filename="src/swagger_mcp_server/main.py" complexity="0" line-rate="0.3723" branch-rate="0.1977">
					<methods/>
					<lines>
						<line number="7" hits="1"/>
						<line number="8" hits="1"/>
						<line number="9" hits="1"/>
						<line number="10" hits="1"/>
						<line number="11" hits="1"/>
						<line number="12" hits="1"/>
						<line number="13" hits="1"/>
						<line number="15" hits="1"/>
						<line number="16" hits="1"/>
						<line number="18" hits="1"/>
						<line number="21" hits="1"/>
						<line number="22" hits="1"/>
						<line number="23" hits="0"/>
						<line number="25" hits="0"/>
						<line number="26" hits="0"/>
						<line number="30" hits="1"/>
						<line number="33" hits="1"/>
						<line number="36" hits="1"/>
						<line number="37" hits="1"/>
						<line number="38" hits="1"/>
						<line number="39" hits="1"/>
						<line number="42" hits="1"/>
						<line number="45" hits="1"/>
						<line number="51" hits="1"/>
						<line number="52" hits="1"/>
						<line number="53" hits="1"/>
						<line number="54" hits="1"/>
						<line number="56" hits="1"/>
						<line number="58" hits="1"/>
						<line number="61" hits="1" branch="true" condition-coverage="100% (2/2)"/>
						<line number="62" hits="1"/>
						<line number="65" hits="1"/>
						<line number="66" hits="1"/>
						<line number="68" hits="1"/>
						<line number="70" hits="1"/>
						<line number="72" hits="1"/>
						<line number="73" hits="1"/>
						<line number="75" hits="1"/>
						<line number="76" hits="1"/>
						<line number="77" hits="0"/>
						<line number="78" hits="0"/>
						<line number="82" hits="0"/>
						<line number="83" hits="0"/>
						<line number="88" hits="1"/>
						<line number="90" hits="1"/>
						<line number="93" hits="1"/>
						<line number="100" hits="1" branch="true" condition-coverage="100% (2/2)"/>
						<line number="101" hits="1" branch="true" condition-coverage="100% (2/2)"/>
						<line number="102" hits="1"/>
						<line number="104" hits="1"/>
						<line number="106" hits="1"/>
						<line number="108" hits="1"/>
						<line number="109" hits="1"/>
						<line number="111" hits="1" branch="true" condition-coverage="100% (2/2)"/>
						<line number="112" hits="1" branch="true" condition-coverage="50% (1/2)" missing-branches="114"/>
						<line number="113" hits="1"/>
						<line number="114" hits="1"/>
						<line number="116" hits="1"/>
						<line number="119" hits="1"/>
						<line number="121" hits="0"/>
						<line number="122" hits="0" branch="true" condition-coverage="0% (0/2)" missing-branches="123,126"/>
						<line number="123" hits="0"/>
						<line number="124" hits="0" branch="true" condition-coverage="0% (0/2)" missing-branches="125,143"/>
						<line number="125" hits="0"/>
						<line number="126" hits="0" branch="true" condition-coverage="0% (0/2)" missing-branches="127,129"/>
						<line number="127" hits="0"/>
						<line number="129" hits="0"/>
						<line number="130" hits="0" branch="true" condition-coverage="0% (0/2)" missing-branches="131,133"/>
						<line number="131" hits="0"/>
						<line number="133" hits="0" branch="true" condition-coverage="0% (0/2)" missing-branches="134,137"/>
						<line number="134" hits="0"/>
						<line number="135" hits="0"/>
						<line number="137" hits="0"/>
						<line number="138" hits="0"/>
						<line number="143" hits="0"/>
						<line number="144" hits="0"/>
						<line number="146" hits="0"/>
						<line number="147" hits="0"/>
						<line number="150" hits="1"/>
						<line number="151" hits="1"/>
						<line number="152" hits="1"/>
						<line number="158" hits="1"/>
						<line number="161" hits="1"/>
						<line number="167" hits="1"/>
						<line number="168" hits="1"/>
						<line number="199" hits="1" branch="true" condition-coverage="100% (2/2)"/>
						<line number="200" hits="1"/>
						<line number="203" hits="1"/>
						<line number="204" hits="1"/>
						<line number="206" hits="1"/>
						<line number="207" hits="1"/>
						<line number="208" hits="1"/>
						<line number="209" hits="1"/>
						<line number="212" hits="1" branch="true" condition-coverage="100% (2/2)"/>
						<line number="213" hits="1"/>
						<line number="216" hits="1" branch="true" condition-coverage="100% (2/2)"/>
						<line number="217" hits="1"/>
						<line number="222" hits="1"/>
						<line number="223" hits="1"/>
						<line number="224" hits="1"/>
						<line number="230" hits="1"/>
						<line number="237" hits="1"/>
						<line number="242" hits="1"/>
						<line number="248" hits="1"/>
						<line number="253" hits="1"/>
						<line number="258" hits="1"/>
						<line number="263" hits="1"/>
						<line number="264" hits="1"/>
						<line number="311" hits="1"/>
						<line number="313" hits="1"/>
						<line number="314" hits="1"/>
						<line number="317" hits="1"/>
						<line number="329" hits="1"/>
						<line number="332" hits="1" branch="true" condition-coverage="50% (1/2)" missing-branches="333"/>
						<line number="333" hits="0"/>
						<line number="334" hits="1" branch="true" condition-coverage="50% (1/2)" missing-branches="335"/>
						<line number="335" hits="0"/>
						<line number="337" hits="1"/>
						<line number="339" hits="1"/>
						<line number="340" hits="0"/>
						<line number="341" hits="1"/>
						<line number="342" hits="0"/>
						<line number="345" hits="1"/>
						<line number="347" hits="0"/>
						<line number="349" hits="0"/>
						<line number="350" hits="0"/>
						<line number="352" hits="0"/>
						<line number="353" hits="0"/>
						<line number="354" hits="0"/>
						<line number="355" hits="0"/>
						<line number="356" hits="0"/>
						<line number="357" hits="0"/>
						<line number="358" hits="0"/>
						<line number="361" hits="1"/>
						<line number="363" hits="0"/>
						<line number="365" hits="0"/>
						<line number="366" hits="0"/>
						<line number="368" hits="0"/>
						<line number="369" hits="0"/>
						<line number="370" hits="0"/>
						<line number="371" hits="0"/>
						<line number="372" hits="0"/>
						<line number="373" hits="0"/>
						<line number="376" hits="1"/>
						<line number="378" hits="1"/>
						<line number="380" hits="1"/>
						<line number="381" hits="1"/>
						<line number="383" hits="1"/>
						<line number="384" hits="1" branch="true" condition-coverage="50% (1/2)" missing-branches="388"/>
						<line number="385" hits="1"/>
						<line number="386" hits="1"/>
						<line number="388" hits="1"/>
						<line number="389" hits="1"/>
						<line number="391" hits="1"/>
						<line number="392" hits="1"/>
						<line number="393" hits="1"/>
						<line number="396" hits="1"/>
						<line number="398" hits="0"/>
						<line number="399" hits="0"/>
						<line number="402" hits="0"/>
						<line number="403" hits="0"/>
						<line number="406" hits="0" branch="true" condition-coverage="0% (0/2)" missing-branches="407,409"/>
						<line number="407" hits="0"/>
						<line number="409" hits="0"/>
						<line number="412" hits="0"/>
						<line number="413" hits="0"/>
						<line number="414" hits="0"/>
						<line number="415" hits="0"/>
						<line number="416" hits="0"/>
						<line number="417" hits="0"/>
						<line number="418" hits="0"/>
						<line number="420" hits="0"/>
						<line number="423" hits="0"/>
						<line number="424" hits="0"/>
						<line number="425" hits="0" branch="true" condition-coverage="0% (0/2)" missing-branches="426,428"/>
						<line number="426" hits="0"/>
						<line number="428" hits="0"/>
						<line number="429" hits="0"/>
						<line number="432" hits="1"/>
						<line number="434" hits="1" branch="true" condition-coverage="50% (1/2)" missing-branches="470"/>
						<line number="435" hits="1"/>
						<line number="436" hits="1"/>
						<line number="437" hits="1"/>
						<line number="440" hits="1"/>
						<line number="441" hits="1"/>
						<line number="442" hits="1"/>
						<line number="447" hits="1"/>
						<line number="448" hits="1"/>
						<line number="451" hits="1"/>
						<line number="452" hits="1"/>
						<line number="454" hits="1"/>
						<line number="457" hits="1"/>
						<line number="458" hits="1" branch="true" condition-coverage="50% (1/2)" missing-branches="463"/>
						<line number="459" hits="1"/>
						<line number="460" hits="1" branch="true" condition-coverage="100% (2/2)"/>
						<line number="461" hits="1"/>
						<line number="463" hits="1"/>
						<line number="464" hits="1"/>
						<line number="470" hits="0"/>
						<line number="471" hits="0"/>
						<line number="474" hits="1"/>
						<line number="476" hits="0"/>
						<line number="477" hits="0"/>
						<line number="479" hits="0"/>
						<line number="481" hits="0" branch="true" condition-coverage="0% (0/2)" missing-branches="482,499"/>
						<line number="482" hits="0" branch="true" condition-coverage="0% (0/2)" missing-branches="483,492"/>
						<line number="483" hits="0"/>
						<line number="484" hits="0" branch="true" condition-coverage="0% (0/2)" missing-branches="485,499"/>
						<line number="485" hits="0" branch="true" condition-coverage="0% (0/2)" missing-branches="486,490"/>
						<line number="486" hits="0"/>
						<line number="487" hits="0" branch="true" condition-coverage="0% (0/2)" missing-branches="484,488"/>
						<line number="488" hits="0"/>
						<line number="490" hits="0"/>
						<line number="492" hits="0"/>
						<line number="493" hits="0" branch="true" condition-coverage="0% (0/2)" missing-branches="494,499"/>
						<line number="494" hits="0"/>
						<line number="495" hits="0" branch="true" condition-coverage="0% (0/2)" missing-branches="496,497"/>
						<line number="496" hits="0"/>
						<line number="497" hits="0"/>
						<line number="499" hits="0"/>
						<line number="502" hits="1"/>
						<line number="503" hits="1"/>
						<line number="504" hits="1"/>
						<line number="505" hits="1"/>
						<line number="510" hits="1"/>
						<line number="511" hits="1"/>
						<line number="512" hits="1"/>
						<line number="517" hits="1"/>
						<line number="518" hits="1"/>
						<line number="555" hits="1"/>
						<line number="556" hits="1" branch="true" condition-coverage="50% (1/2)" missing-branches="557"/>
						<line number="557" hits="0"/>
						<line number="561" hits="0"/>
						<line number="562" hits="0"/>
						<line number="564" hits="1"/>
						<line number="567" hits="1"/>
						<line number="577" hits="1"/>
						<line number="579" hits="1"/>
						<line number="580" hits="0"/>
						<line number="581" hits="1"/>
						<line number="582" hits="1"/>
						<line number="585" hits="1"/>
						<line number="586" hits="1"/>
						<line number="587" hits="1"/>
						<line number="590" hits="1"/>
						<line number="591" hits="1"/>
						<line number="597" hits="1"/>
						<line number="598" hits="1"/>
						<line number="599" hits="1"/>
						<line number="635" hits="1"/>
						<line number="636" hits="1" branch="true" condition-coverage="50% (1/2)" missing-branches="637"/>
						<line number="637" hits="0"/>
						<line number="641" hits="0"/>
						<line number="642" hits="0"/>
						<line number="644" hits="1"/>
						<line number="647" hits="1"/>
						<line number="649" hits="0"/>
						<line number="650" hits="0"/>
						<line number="651" hits="0"/>
						<line number="652" hits="0"/>
						<line number="655" hits="1"/>
						<line number="656" hits="1"/>
						<line number="657" hits="1"/>
						<line number="658" hits="1"/>
						<line number="659" hits="1"/>
						<line number="660" hits="1"/>
						<line number="667" hits="1"/>
						<line number="668" hits="1"/>
						<line number="698" hits="0"/>
						<line number="699" hits="0" branch="true" condition-coverage="0% (0/2)" missing-branches="700,707"/>
						<line number="700" hits="0"/>
						<line number="704" hits="0"/>
						<line number="705" hits="0"/>
						<line number="707" hits="0" branch="true" condition-coverage="0% (0/2)" missing-branches="708,714"/>
						<line number="708" hits="0"/>
						<line number="712" hits="0"/>
						<line number="714" hits="0"/>
						<line number="717" hits="0"/>
						<line number="719" hits="0"/>
						<line number="720" hits="0"/>
						<line number="721" hits="0"/>
						<line number="722" hits="0"/>
						<line number="725" hits="1"/>
						<line number="726" hits="1"/>
						<line number="730" hits="1"/>
						<line number="731" hits="1"/>
						<line number="732" hits="1"/>
						<line number="739" hits="1"/>
						<line number="745" hits="1"/>
						<line number="748" hits="1"/>
						<line number="754" hits="1"/>
						<line number="755" hits="1"/>
						<line number="815" hits="1"/>
						<line number="817" hits="1"/>
						<line number="820" hits="1"/>
						<line number="823" hits="1" branch="true" condition-coverage="100% (2/2)"/>
						<line number="824" hits="1"/>
						<line number="825" hits="1" branch="true" condition-coverage="50% (1/2)" missing-branches="827"/>
						<line number="826" hits="1"/>
						<line number="827" hits="0" branch="true" condition-coverage="0% (0/2)" missing-branches="828,829"/>
						<line number="828" hits="0"/>
						<line number="829" hits="0" branch="true" condition-coverage="0% (0/2)" missing-branches="830,831"/>
						<line number="830" hits="0"/>
						<line number="831" hits="0" branch="true" condition-coverage="0% (0/2)" missing-branches="832,833"/>
						<line number="832" hits="0"/>
						<line number="833" hits="0" branch="true" condition-coverage="0% (0/2)" missing-branches="exit,834"/>
						<line number="834" hits="0"/>
						<line number="836" hits="0"/>
						<line number="837" hits="0"/>
						<line number="838" hits="0" branch="true" condition-coverage="0% (0/2)" missing-branches="839,846"/>
						<line number="839" hits="0" branch="true" condition-coverage="0% (0/2)" missing-branches="840,846"/>
						<line number="840" hits="0" branch="true" condition-coverage="0% (0/2)" missing-branches="841,844"/>
						<line number="841" hits="0"/>
						<line number="842" hits="0" branch="true" condition-coverage="0% (0/2)" missing-branches="839,843"/>
						<line number="843" hits="0"/>
						<line number="844" hits="0" branch="true" condition-coverage="0% (0/2)" missing-branches="839,845"/>
						<line number="845" hits="0"/>
						<line number="846" hits="0"/>
						<line number="847" hits="0"/>
						<line number="848" hits="0"/>
						<line number="852" hits="1"/>
						<line number="853" hits="1"/>
						<line number="854" hits="1"/>
						<line number="856" hits="1"/>
						<line number="860" hits="1"/>
						<line number="863" hits="1"/>
						<line number="864" hits="0"/>
						<line number="865" hits="0"/>
						<line number="866" hits="0"/>
						<line number="867" hits="0"/>
						<line number="869" hits="0"/>
						<line number="871" hits="1"/>
						<line number="875" hits="1"/>
						<line number="881" hits="1"/>
						<line number="885" hits="1"/>
						<line number="887" hits="1"/>
						<line number="888" hits="1" branch="true" condition-coverage="50% (1/2)" missing-branches="896"/>
						<line number="889" hits="1"/>
						<line number="892" hits="1" branch="true" condition-coverage="100% (2/2)"/>
						<line number="893" hits="1"/>
						<line number="896" hits="1"/>
						<line number="898" hits="0" branch="true" condition-coverage="0% (0/2)" missing-branches="899,905"/>
						<line number="899" hits="0"/>
						<line number="900" hits="0"/>
						<line number="901" hits="0"/>
						<line number="902" hits="0"/>
						<line number="903" hits="0"/>
						<line number="905" hits="0"/>
						<line number="906" hits="0"/>
						<line number="910" hits="0"/>
						<line number="912" hits="1"/>
						<line number="913" hits="1"/>
						<line number="914" hits="1" branch="true" condition-coverage="100% (2/2)"/>
						<line number="915" hits="1"/>
						<line number="916" hits="1"/>
						<line number="919" hits="1"/>
						<line number="928" hits="1"/>
						<line number="930" hits="1"/>
						<line number="931" hits="1" branch="true" condition-coverage="50% (1/2)" missing-branches="933"/>
						<line number="933" hits="0"/>
						<line number="938" hits="1"/>
						<line number="942" hits="0"/>
						<line number="943" hits="0"/>
						<line number="944" hits="0" branch="true" condition-coverage="0% (0/2)" missing-branches="945,946"/>
						<line number="945" hits="0"/>
						<line number="946" hits="0"/>
						<line number="949" hits="1"/>
						<line number="958" hits="0"/>
						<line number="960" hits="0"/>
						<line number="961" hits="0"/>
						<line number="963" hits="0" branch="true" condition-coverage="0% (0/2)" missing-branches="965,972"/>
						<line number="965" hits="0"/>
						<line number="966" hits="0"/>
						<line number="968" hits="0" branch="true" condition-coverage="0% (0/2)" missing-branches="969,988"/>
						<line number="969" hits="0"/>
						<line number="970" hits="0"/>
						<line number="972" hits="0" branch="true" condition-coverage="0% (0/2)" missing-branches="974,984"/>
						<line number="974" hits="0"/>
						<line number="975" hits="0" branch="true" condition-coverage="0% (0/2)" missing-branches="976,980"/>
						<line number="976" hits="0" branch="true" condition-coverage="0% (0/2)" missing-branches="975,977"/>
						<line number="977" hits="0"/>
						<line number="978" hits="0"/>
						<line number="980" hits="0" branch="true" condition-coverage="0% (0/2)" missing-branches="981,988"/>
						<line number="981" hits="0"/>
						<line number="982" hits="0"/>
						<line number="984" hits="0" branch="true" condition-coverage="0% (0/2)" missing-branches="985,988"/>
						<line number="985" hits="0"/>
						<line number="988" hits="0"/>
						<line number="989" hits="0" branch="true" condition-coverage="0% (0/2)" missing-branches="990,1005"/>
						<line number="990" hits="0"/>
						<line number="991" hits="0" branch="true" condition-coverage="0% (0/2)" missing-branches="992,995"/>
						<line number="992" hits="0"/>
						<line number="993" hits="0"/>
						<line number="995" hits="0"/>
						<line number="996" hits="0"/>
						<line number="998" hits="0"/>
						<line number="1000" hits="0"/>
						<line number="1001" hits="0"/>
						<line number="1002" hits="0"/>
						<line number="1005" hits="0"/>
						<line number="1006" hits="0"/>
						<line number="1008" hits="0" branch="true" condition-coverage="0% (0/2)" missing-branches="1009,1011"/>
						<line number="1009" hits="0"/>
						<line number="1011" hits="0"/>
						<line number="1013" hits="0"/>
						<line number="1014" hits="0"/>
						<line number="1015" hits="0" branch="true" condition-coverage="0% (0/2)" missing-branches="1016,1017"/>
						<line number="1016" hits="0"/>
						<line number="1017" hits="0"/>
						<line number="1020" hits="1"/>
						<line number="1028" hits="1" branch="true" condition-coverage="50% (1/2)" missing-branches="1030"/>
						<line number="1030" hits="0"/>
						<line number="1031" hits="0"/>
						<line number="1032" hits="1" branch="true" condition-coverage="100% (2/2)"/>
						<line number="1034" hits="1"/>
						<line number="1035" hits="1"/>
						<line number="1037" hits="1" branch="true" condition-coverage="50% (1/2)" missing-branches="1044"/>
						<line number="1038" hits="1"/>
						<line number="1039" hits="1"/>
						<line number="1042" hits="1"/>
						<line number="1044" hits="1" branch="true" condition-coverage="50% (1/2)" missing-branches="1049"/>
						<line number="1045" hits="1"/>
						<line number="1046" hits="1"/>
						<line number="1049" hits="0" branch="true" condition-coverage="0% (0/2)" missing-branches="1050,1055"/>
						<line number="1050" hits="0"/>
						<line number="1052" hits="0"/>
						<line number="1055" hits="0" branch="true" condition-coverage="0% (0/2)" missing-branches="1056,1073"/>
						<line number="1056" hits="0"/>
						<line number="1057" hits="0"/>
						<line number="1059" hits="0"/>
						<line number="1065" hits="0"/>
						<line number="1066" hits="0"/>
						<line number="1070" hits="0"/>
						<line number="1073" hits="0"/>
						<line number="1076" hits="1"/>
						<line number="1084" hits="0"/>
						<line number="1085" hits="0"/>
						<line number="1087" hits="0"/>
						<line number="1088" hits="0"/>
						<line number="1090" hits="0" branch="true" condition-coverage="0% (0/2)" missing-branches="1091,1096"/>
						<line number="1091" hits="0"/>
						<line number="1092" hits="0"/>
						<line number="1093" hits="0"/>
						<line number="1094" hits="0"/>
						<line number="1096" hits="0"/>
						<line number="1101" hits="0"/>
						<line number="1103" hits="0"/>
						<line number="1104" hits="0"/>
						<line number="1107" hits="1"/>
						<line number="1109" hits="0" branch="true" condition-coverage="0% (0/2)" missing-branches="1110,1113"/>
						<line number="1110" hits="0"/>
						<line number="1111" hits="0"/>
						<line number="1113" hits="0"/>
						<line number="1114" hits="0"/>
						<line number="1116" hits="0" branch="true" condition-coverage="0% (0/2)" missing-branches="exit,1117"/>
						<line number="1117" hits="0"/>
						<line number="1118" hits="0"/>
						<line number="1119" hits="0"/>
						<line number="1120" hits="0"/>
						<line number="1123" hits="0"/>
						<line number="1128" hits="0"/>
						<line number="1129" hits="0"/>
						<line number="1136" hits="0"/>
						<line number="1139" hits="0"/>
						<line number="1140" hits="0"/>
						<line number="1145" hits="0"/>
						<line number="1146" hits="0"/>
						<line number="1147" hits="0"/>
						<line number="1149" hits="0"/>
						<line number="1154" hits="0"/>
						<line number="1155" hits="0" branch="true" condition-coverage="0% (0/2)" missing-branches="1156,1160"/>
						<line number="1156" hits="0"/>
						<line number="1157" hits="0" branch="true" condition-coverage="0% (0/2)" missing-branches="1158,1160"/>
						<line number="1158" hits="0"/>
						<line number="1160" hits="0"/>
						<line number="1163" hits="1"/>
						<line number="1165" hits="0" branch="true" condition-coverage="0% (0/2)" missing-branches="1166,1167"/>
						<line number="1166" hits="0"/>
						<line number="1167" hits="0" branch="true" condition-coverage="0% (0/2)" missing-branches="1168,1169"/>
						<line number="1168" hits="0"/>
						<line number="1169" hits="0" branch="true" condition-coverage="0% (0/2)" missing-branches="1170,1174"/>
						<line number="1170" hits="0"/>
						<line number="1171" hits="0"/>
						<line number="1172" hits="0"/>
						<line number="1174" hits="0"/>
						<line number="1175" hits="0"/>
						<line number="1176" hits="0"/>
						<line number="1179" hits="1"/>
						<line number="1181" hits="1" branch="true" condition-coverage="50% (1/2)" missing-branches="1190"/>
						<line number="1182" hits="1"/>
						<line number="1183" hits="1" branch="true" condition-coverage="100% (2/2)"/>
						<line number="1184" hits="1"/>
						<line number="1185" hits="1" branch="true" condition-coverage="50% (1/2)" missing-branches="1186"/>
						<line number="1186" hits="0"/>
						<line number="1187" hits="0" branch="true" condition-coverage="0% (0/2)" missing-branches="exit,1188"/>
						<line number="1188" hits="0"/>
						<line number="1190" hits="0"/>
						<line number="1193" hits="1"/>
						<line number="1194" hits="1"/>
						<line number="1200" hits="1"/>
						<line number="1201" hits="1"/>
						<line number="1202" hits="1"/>
						<line number="1207" hits="1"/>
						<line number="1210" hits="1"/>
						<line number="1211" hits="1"/>
						<line number="1249" hits="0"/>
						<line number="1251" hits="0"/>
						<line number="1258" hits="0" branch="true" condition-coverage="0% (0/2)" missing-branches="1259,1262"/>
						<line number="1259" hits="0"/>
						<line number="1260" hits="0"/>
						<line number="1262" hits="0" branch="true" condition-coverage="0% (0/2)" missing-branches="1263,1267"/>
						<line number="1263" hits="0"/>
						<line number="1264" hits="0"/>
						<line number="1267" hits="0"/>
						<line number="1269" hits="0"/>
						<line number="1270" hits="0"/>
						<line number="1271" hits="0"/>
						<line number="1272" hits="0"/>
						<line number="1275" hits="1"/>
						<line number="1277" hits="0"/>
						<line number="1279" hits="0"/>
						<line number="1281" hits="0"/>
						<line number="1284" hits="0" branch="true" condition-coverage="0% (0/2)" missing-branches="1285,1290"/>
						<line number="1285" hits="0"/>
						<line number="1286" hits="0"/>
						<line number="1287" hits="0"/>
						<line number="1290" hits="0"/>
						<line number="1293" hits="0"/>
						<line number="1294" hits="0"/>
						<line number="1295" hits="0" branch="true" condition-coverage="0% (0/2)" missing-branches="1296,1298"/>
						<line number="1296" hits="0"/>
						<line number="1298" hits="0" branch="true" condition-coverage="0% (0/2)" missing-branches="1299,1304"/>
						<line number="1299" hits="0"/>
						<line number="1300" hits="0" branch="true" condition-coverage="0% (0/2)" missing-branches="1301,1304"/>
						<line number="1301" hits="0"/>
						<line number="1304" hits="0"/>
						<line number="1305" hits="0"/>
						<line number="1306" hits="0"/>
						<line number="1307" hits="0"/>
						<line number="1308" hits="0"/>
						<line number="1311" hits="1"/>
						<line number="1313" hits="0"/>
						<line number="1315" hits="0"/>
						<line number="1317" hits="0"/>
						<line number="1319" hits="0"/>
						<line number="1321" hits="0" branch="true" condition-coverage="0% (0/2)" missing-branches="1322,1344"/>
						<line number="1322" hits="0"/>
						<line number="1325" hits="0"/>
						<line number="1326" hits="0"/>
						<line number="1327" hits="0"/>
						<line number="1328" hits="0"/>
						<line number="1329" hits="0"/>
						<line number="1332" hits="0"/>
						<line number="1333" hits="0"/>
						<line number="1334" hits="0" branch="true" condition-coverage="0% (0/2)" missing-branches="1335,1338"/>
						<line number="1335" hits="0"/>
						<line number="1336" hits="0"/>
						<line number="1338" hits="0" branch="true" condition-coverage="0% (0/2)" missing-branches="exit,1339"/>
						<line number="1339" hits="0"/>
						<line number="1340" hits="0" branch="true" condition-coverage="0% (0/2)" missing-branches="exit,1341"/>
						<line number="1341" hits="0"/>
						<line number="1344" hits="0"/>
						<line number="1345" hits="0"/>
						<line number="1346" hits="0" branch="true" condition-coverage="0% (0/2)" missing-branches="1347,1349"/>
						<line number="1347" hits="0"/>
						<line number="1349" hits="0"/>
						<line number="1352" hits="1"/>
						<line number="1354" hits="0"/>
						<line number="1356" hits="0"/>
						<line number="1359" hits="0"/>
						<line number="1360" hits="0"/>
						<line number="1362" hits="0" branch="true" condition-coverage="0% (0/2)" missing-branches="1363,1367"/>
						<line number="1363" hits="0"/>
						<line number="1364" hits="0" branch="true" condition-coverage="0% (0/2)" missing-branches="1365,1367"/>
						<line number="1365" hits="0"/>
						<line number="1367" hits="0" branch="true" condition-coverage="0% (0/2)" missing-branches="1368,1372"/>
						<line number="1368" hits="0"/>
						<line number="1369" hits="0" branch="true" condition-coverage="0% (0/2)" missing-branches="1370,1372"/>
						<line number="1370" hits="0"/>
						<line number="1372" hits="0" branch="true" condition-coverage="0% (0/2)" missing-branches="1373,1378"/>
						<line number="1373" hits="0"/>
						<line number="1374" hits="0" branch="true" condition-coverage="0% (0/2)" missing-branches="1375,1378"/>
						<line number="1375" hits="0"/>
						<line number="1378" hits="0" branch="true" condition-coverage="0% (0/2)" missing-branches="1379,1382"/>
						<line number="1379" hits="0"/>
						<line number="1380" hits="0"/>
						<line number="1382" hits="0"/>
						<line number="1383" hits="0"/>
						<line number="1387" hits="0"/>
						<line number="1389" hits="0" branch="true" condition-coverage="0% (0/2)" missing-branches="1390,1394"/>
						<line number="1390" hits="0"/>
						<line number="1391" hits="0" branch="true" condition-coverage="0% (0/2)" missing-branches="1392,1394"/>
						<line number="1392" hits="0"/>
						<line number="1394" hits="0" branch="true" condition-coverage="0% (0/2)" missing-branches="1395,1399"/>
						<line number="1395" hits="0"/>
						<line number="1396" hits="0" branch="true" condition-coverage="0% (0/2)" missing-branches="1397,1399"/>
						<line number="1397" hits="0"/>
						<line number="1399" hits="0" branch="true" condition-coverage="0% (0/2)" missing-branches="exit,1400"/>
						<line number="1400" hits="0"/>
						<line number="1401" hits="0" branch="true" condition-coverage="0% (0/2)" missing-branches="exit,1402"/>
						<line number="1402" hits="0"/>
						<line number="1404" hits="0"/>
						<line number="1405" hits="0"/>
						<line number="1408" hits="1"/>
						<line number="1410" hits="0"/>
						<line number="1411" hits="0"/>
						<line number="1413" hits="0"/>
						<line number="1415" hits="0" branch="true" condition-coverage="0% (0/2)" missing-branches="1416,1438"/>
						<line number="1416" hits="0" branch="true" condition-coverage="0% (0/2)" missing-branches="1417,1430"/>
						<line number="1417" hits="0"/>
						<line number="1418" hits="0" branch="true" condition-coverage="0% (0/2)" missing-branches="1419,1438"/>
						<line number="1419" hits="0" branch="true" condition-coverage="0% (0/2)" missing-branches="1420,1423"/>
						<line number="1420" hits="0"/>
						<line number="1421" hits="0" branch="true" condition-coverage="0% (0/2)" missing-branches="1418,1422"/>
						<line number="1422" hits="0"/>
						<line number="1423" hits="0" branch="true" condition-coverage="0% (0/2)" missing-branches="1424,1428"/>
						<line number="1424" hits="0"/>
						<line number="1425" hits="0" branch="true" condition-coverage="0% (0/2)" missing-branches="1418,1426"/>
						<line number="1426" hits="0"/>
						<line number="1428" hits="0"/>
						<line number="1430" hits="0"/>
						<line number="1431" hits="0" branch="true" condition-coverage="0% (0/2)" missing-branches="1432,1438"/>
						<line number="1432" hits="0"/>
						<line number="1433" hits="0" branch="true" condition-coverage="0% (0/2)" missing-branches="1434,1435"/>
						<line number="1434" hits="0"/>
						<line number="1435" hits="0" branch="true" condition-coverage="0% (0/2)" missing-branches="1436,1438"/>
						<line number="1436" hits="0"/>
						<line number="1438" hits="0"/>
						<line number="1444" hits="1"/>
						<line number="1446" hits="1"/>
						<line number="1448" hits="1"/>
						<line number="1449" hits="1"/>
						<line number="1450" hits="1"/>
						<line number="1452" hits="1" branch="true" condition-coverage="50% (1/2)" missing-branches="1454"/>
						<line number="1454" hits="0"/>
						<line number="1457" hits="0" branch="true" condition-coverage="0% (0/2)" missing-branches="1458,1461"/>
						<line number="1458" hits="0"/>
						<line number="1459" hits="0"/>
						<line number="1461" hits="0" branch="true" condition-coverage="0% (0/2)" missing-branches="1462,1465"/>
						<line number="1462" hits="0"/>
						<line number="1464" hits="0"/>
						<line number="1465" hits="0" branch="true" condition-coverage="0% (0/2)" missing-branches="1466,1473"/>
						<line number="1466" hits="0"/>
						<line number="1467" hits="0"/>
						<line number="1469" hits="0"/>
						<line number="1470" hits="0"/>
						<line number="1471" hits="0"/>
						<line number="1473" hits="0"/>
						<line number="1476" hits="1" branch="true" condition-coverage="50% (1/2)" missing-branches="1477"/>
						<line number="1477" hits="0"/>
						<line number="1479" hits="0"/>
						<line number="1480" hits="1" branch="true" condition-coverage="50% (1/2)" missing-branches="1481"/>
						<line number="1481" hits="0"/>
						<line number="1482" hits="0"/>
						<line number="1484" hits="0"/>
						<line number="1485" hits="0"/>
						<line number="1486" hits="0"/>
						<line number="1488" hits="1"/>
						<line number="1490" hits="0"/>
						<line number="1491" hits="0"/>
						<line number="1493" hits="1"/>
						<line number="1496" hits="1"/>
						<line number="1498" hits="1" branch="true" condition-coverage="100% (2/2)"/>
						<line number="1499" hits="1"/>
						<line number="1501" hits="1" branch="true" condition-coverage="100% (2/2)"/>
						<line number="1502" hits="1"/>
						<line number="1503" hits="1"/>
						<line number="1505" hits="1"/>
						<line number="1508" hits="1"/>
						<line number="1515" hits="1"/>
						<line number="1517" hits="1" branch="true" condition-coverage="50% (1/2)" missing-branches="1518"/>
						<line number="1518" hits="0"/>
						<line number="1519" hits="0"/>
						<line number="1521" hits="1" branch="true" condition-coverage="50% (1/2)" missing-branches="1522"/>
						<line number="1522" hits="0"/>
						<line number="1523" hits="0"/>
						<line number="1525" hits="1"/>
						<line number="1526" hits="1"/>
						<line number="1527" hits="1"/>
						<line number="1528" hits="0"/>
						<line number="1529" hits="1"/>
						<line number="1530" hits="1"/>
						<line number="1532" hits="1"/>
						<line number="1535" hits="1"/>
						<line number="1537" hits="0"/>
						<line number="1539" hits="0"/>
						<line number="1540" hits="0"/>
						<line number="1541" hits="0"/>
						<line number="1542" hits="0"/>
						<line number="1543" hits="0"/>
						<line number="1544" hits="0"/>
						<line number="1546" hits="0"/>
						<line number="1549" hits="1"/>
						<line number="1551" hits="0"/>
						<line number="1553" hits="0"/>
						<line number="1554" hits="0"/>
						<line number="1555" hits="0"/>
						<line number="1561" hits="0" branch="true" condition-coverage="0% (0/2)" missing-branches="1562,1568"/>
						<line number="1562" hits="0"/>
						<line number="1563" hits="0" branch="true" condition-coverage="0% (0/2)" missing-branches="exit,1564"/>
						<line number="1564" hits="0"/>
						<line number="1565" hits="0" branch="true" condition-coverage="0% (0/2)" missing-branches="exit,1566"/>
						<line number="1566" hits="0"/>
						<line number="1568" hits="0"/>
						<line number="1569" hits="0"/>
						<line number="1570" hits="0" branch="true" condition-coverage="0% (0/2)" missing-branches="1571,1573"/>
						<line number="1571" hits="0"/>
						<line number="1573" hits="0" branch="true" condition-coverage="0% (0/2)" missing-branches="exit,1574"/>
						<line number="1574" hits="0"/>
						<line number="1575" hits="0" branch="true" condition-coverage="0% (0/2)" missing-branches="exit,1576"/>
						<line number="1576" hits="0"/>
						<line number="1577" hits="0"/>
						<line number="1578" hits="0"/>
						<line number="1580" hits="0"/>
						<line number="1583" hits="1"/>
						<line number="1585" hits="0"/>
						<line number="1587" hits="0"/>
						<line number="1588" hits="0"/>
						<line number="1589" hits="0"/>
						<line number="1590" hits="0"/>
						<line number="1593" hits="0" branch="true" condition-coverage="0% (0/2)" missing-branches="1594,1596"/>
						<line number="1594" hits="0"/>
						<line number="1596" hits="0"/>
						<line number="1597" hits="0"/>
						<line number="1598" hits="0"/>
						<line number="1601" hits="0"/>
						<line number="1604" hits="0"/>
						<line number="1606" hits="0"/>
						<line number="1607" hits="0"/>
						<line number="1609" hits="0"/>
						<line number="1612" hits="1"/>
						<line number="1614" hits="0"/>
						<line number="1615" hits="0"/>
						<line number="1616" hits="0"/>
						<line number="1617" hits="0"/>
						<line number="1618" hits="0"/>
					</lines>
				</class>
				<class name="pipeline.py" filename="src/swagger_mcp_server/pipeline.py" complexity="0" line-rate="0.6345" branch-rate="0.4091">
					<methods/>
					<lines>
						<line number="7" hits="1"/>
						<line number="8" hits="1"/>
						<line number="9" hits="1"/>
						<line number="10" hits="1"/>
						<line number="11" hits="1"/>
						<line number="12" hits="1"/>
						<line number="13" hits="1"/>
						<line number="14" hits="1"/>
						<line number="15" hits="1"/>
						<line number="17" hits="1"/>
						<line number="18" hits="1"/>
						<line number="23" hits="1"/>
						<line number="27" hits="1"/>
						<line number="28" hits="1"/>
						<line number="37" hits="1"/>
						<line number="39" hits="1"/>
						<line number="42" hits="1"/>
						<line number="43" hits="1"/>
						<line number="46" hits="1"/>
						<line number="47" hits="1"/>
						<line number="48" hits="1"/>
						<line number="49" hits="1"/>
						<line number="50" hits="1"/>
						<line number="51" hits="1"/>
						<line number="52" hits="1"/>
						<line number="53" hits="1"/>
						<line number="54" hits="1"/>
						<line number="55" hits="1"/>
						<line number="56" hits="1"/>
						<line number="57" hits="1"/>
						<line number="58" hits="1"/>
						<line number="60" hits="1"/>
						<line number="62" hits="1"/>
						<line number="63" hits="1"/>
						<line number="66" hits="1"/>
						<line number="67" hits="1"/>
						<line number="70" hits="1"/>
						<line number="71" hits="1"/>
						<line number="72" hits="1"/>
						<line number="73" hits="1"/>
						<line number="74" hits="1"/>
						<line number="75" hits="1"/>
						<line number="76" hits="1"/>
						<line number="79" hits="1"/>
						<line number="80" hits="1"/>
						<line number="83" hits="1"/>
						<line number="84" hits="1"/>
						<line number="85" hits="1"/>
						<line number="86" hits="1"/>
						<line number="87" hits="1"/>
						<line number="88" hits="1"/>
						<line number="91" hits="1"/>
						<line number="92" hits="1"/>
						<line number="95" hits="1"/>
						<line number="96" hits="1"/>
						<line number="97" hits="1"/>
						<line number="98" hits="1"/>
						<line number="99" hits="1"/>
						<line number="100" hits="1"/>
						<line number="101" hits="1"/>
						<line number="104" hits="1"/>
						<line number="105" hits="1"/>
						<line number="108" hits="1"/>
						<line number="109" hits="1"/>
						<line number="110" hits="1"/>
						<line number="111" hits="1"/>
						<line number="112" hits="1"/>
						<line number="113" hits="1"/>
						<line number="116" hits="1"/>
						<line number="119" hits="1"/>
						<line number="120" hits="1"/>
						<line number="121" hits="1"/>
						<line number="134" hits="1"/>
						<line number="137" hits="1"/>
						<line number="138" hits="1"/>
						<line number="139" hits="1"/>
						<line number="141" hits="1"/>
						<line number="143" hits="0"/>
						<line number="145" hits="0"/>
						<line number="147" hits="0"/>
						<line number="150" hits="0"/>
						<line number="151" hits="0"/>
						<line number="154" hits="0"/>
						<line number="156" hits="0" branch="true" condition-coverage="0% (0/2)" missing-branches="157,164"/>
						<line number="157" hits="0"/>
						<line number="164" hits="0"/>
						<line number="168" hits="0"/>
						<line number="176" hits="0"/>
						<line number="177" hits="0"/>
						<line number="178" hits="0"/>
						<line number="179" hits="0"/>
						<line number="181" hits="0"/>
						<line number="188" hits="1"/>
						<line number="190" hits="0"/>
						<line number="193" hits="1"/>
						<line number="196" hits="1"/>
						<line number="197" hits="1"/>
						<line number="198" hits="1"/>
						<line number="200" hits="1"/>
						<line number="204" hits="0"/>
						<line number="206" hits="0"/>
						<line number="208" hits="0"/>
						<line number="209" hits="0"/>
						<line number="214" hits="0"/>
						<line number="215" hits="0"/>
						<line number="216" hits="0"/>
						<line number="217" hits="0"/>
						<line number="222" hits="0"/>
						<line number="224" hits="0"/>
						<line number="229" hits="0"/>
						<line number="241" hits="0"/>
						<line number="242" hits="0"/>
						<line number="243" hits="0"/>
						<line number="244" hits="0"/>
						<line number="246" hits="0"/>
						<line number="253" hits="1"/>
						<line number="255" hits="0"/>
						<line number="258" hits="1"/>
						<line number="261" hits="1"/>
						<line number="262" hits="1"/>
						<line number="263" hits="1"/>
						<line number="265" hits="1"/>
						<line number="269" hits="0"/>
						<line number="271" hits="0"/>
						<line number="272" hits="0"/>
						<line number="274" hits="0"/>
						<line number="275" hits="0"/>
						<line number="276" hits="0"/>
						<line number="277" hits="0"/>
						<line number="280" hits="0"/>
						<line number="291" hits="0"/>
						<line number="292" hits="0"/>
						<line number="295" hits="0" branch="true" condition-coverage="0% (0/2)" missing-branches="296,300"/>
						<line number="296" hits="0"/>
						<line number="297" hits="0"/>
						<line number="300" hits="0" branch="true" condition-coverage="0% (0/2)" missing-branches="301,305"/>
						<line number="301" hits="0"/>
						<line number="302" hits="0"/>
						<line number="305" hits="0" branch="true" condition-coverage="0% (0/2)" missing-branches="306,310"/>
						<line number="306" hits="0"/>
						<line number="307" hits="0"/>
						<line number="310" hits="0"/>
						<line number="313" hits="0"/>
						<line number="316" hits="0"/>
						<line number="318" hits="0"/>
						<line number="322" hits="0"/>
						<line number="332" hits="0"/>
						<line number="333" hits="0"/>
						<line number="334" hits="0"/>
						<line number="335" hits="0"/>
						<line number="337" hits="0"/>
						<line number="344" hits="1"/>
						<line number="346" hits="0" branch="true" condition-coverage="0% (0/2)" missing-branches="exit,347"/>
						<line number="347" hits="0"/>
						<line number="348" hits="0"/>
						<line number="349" hits="0"/>
						<line number="350" hits="0"/>
						<line number="351" hits="0"/>
						<line number="352" hits="0"/>
						<line number="355" hits="0"/>
						<line number="356" hits="0"/>
						<line number="359" hits="1"/>
						<line number="362" hits="1"/>
						<line number="367" hits="1"/>
						<line number="368" hits="1"/>
						<line number="369" hits="1"/>
						<line number="372" hits="1"/>
						<line number="378" hits="1"/>
						<line number="380" hits="1"/>
						<line number="382" hits="0"/>
						<line number="383" hits="0"/>
						<line number="384" hits="0" branch="true" condition-coverage="0% (0/2)" missing-branches="385,386"/>
						<line number="385" hits="0"/>
						<line number="386" hits="0"/>
						<line number="388" hits="1"/>
						<line number="390" hits="1"/>
						<line number="394" hits="1"/>
						<line number="396" hits="1"/>
						<line number="397" hits="1"/>
						<line number="399" hits="1"/>
						<line number="401" hits="1" branch="true" condition-coverage="100% (2/2)"/>
						<line number="402" hits="1"/>
						<line number="404" hits="1"/>
						<line number="405" hits="1"/>
						<line number="407" hits="1" branch="true" condition-coverage="100% (2/2)"/>
						<line number="409" hits="1"/>
						<line number="410" hits="1"/>
						<line number="412" hits="1"/>
						<line number="420" hits="1"/>
						<line number="421" hits="1"/>
						<line number="424" hits="1"/>
						<line number="426" hits="1"/>
						<line number="431" hits="1"/>
						<line number="438" hits="1"/>
						<line number="440" hits="1"/>
						<line number="444" hits="1"/>
						<line number="446" hits="1"/>
						<line number="448" hits="1"/>
						<line number="455" hits="1"/>
						<line number="459" hits="1"/>
						<line number="461" hits="1" branch="true" condition-coverage="100% (2/2)"/>
						<line number="462" hits="1"/>
						<line number="463" hits="1"/>
						<line number="464" hits="0"/>
						<line number="465" hits="0"/>
						<line number="470" hits="1"/>
						<line number="474" hits="1"/>
						<line number="477" hits="1"/>
						<line number="479" hits="1"/>
						<line number="480" hits="1"/>
						<line number="481" hits="1"/>
						<line number="484" hits="1"/>
						<line number="485" hits="1"/>
						<line number="491" hits="1"/>
						<line number="492" hits="1"/>
						<line number="494" hits="1" branch="true" condition-coverage="100% (2/2)"/>
						<line number="495" hits="1" branch="true" condition-coverage="50% (1/2)" missing-branches="496"/>
						<line number="496" hits="0"/>
						<line number="497" hits="0"/>
						<line number="498" hits="0"/>
						<line number="506" hits="1"/>
						<line number="509" hits="1"/>
						<line number="510" hits="1"/>
						<line number="511" hits="1"/>
						<line number="513" hits="1"/>
						<line number="518" hits="1"/>
						<line number="532" hits="1"/>
						<line number="534" hits="1"/>
						<line number="536" hits="1"/>
						<line number="539" hits="1"/>
						<line number="553" hits="1"/>
						<line number="554" hits="1"/>
						<line number="556" hits="0"/>
						<line number="557" hits="0"/>
						<line number="558" hits="0"/>
						<line number="560" hits="0"/>
						<line number="568" hits="1"/>
						<line number="571" hits="1"/>
						<line number="572" hits="1"/>
						<line number="574" hits="0"/>
						<line number="576" hits="1"/>
						<line number="577" hits="1"/>
						<line number="579" hits="0"/>
						<line number="585" hits="0"/>
						<line number="589" hits="0"/>
						<line number="591" hits="1"/>
						<line number="592" hits="1"/>
						<line number="594" hits="0"/>
						<line number="600" hits="0"/>
					</lines>
				</class>
			</classes>
		</package>
		<package name="src.swagger_mcp_server.cli" line-rate="0.3671" branch-rate="0.3172" complexity="0">
			<classes>
				<class name="config.py" filename="src/swagger_mcp_server/cli/config.py" complexity="0" line-rate="0.8907" branch-rate="0.9167">
					<methods/>
					<lines>
						<line number="3" hits="1"/>
						<line number="4" hits="1"/>
						<line number="5" hits="1"/>
						<line number="6" hits="1"/>
						<line number="8" hits="1"/>
						<line number="10" hits="1"/>
						<line number="13" hits="1"/>
						<line number="16" hits="1"/>
						<line number="50" hits="1"/>
						<line number="61" hits="1"/>
						<line number="63" hits="1"/>
						<line number="64" hits="1"/>
						<line number="66" hits="1"/>
						<line number="69" hits="1"/>
						<line number="72" hits="1"/>
						<line number="73" hits="1" branch="true" condition-coverage="100% (2/2)"/>
						<line number="74" hits="1"/>
						<line number="75" hits="1"/>
						<line number="78" hits="1"/>
						<line number="79" hits="1" branch="true" condition-coverage="100% (2/2)"/>
						<line number="80" hits="1"/>
						<line number="81" hits="1"/>
						<line number="84" hits="1"/>
						<line number="85" hits="1"/>
						<line number="87" hits="1"/>
						<line number="89" hits="1"/>
						<line number="91" hits="1"/>
						<line number="92" hits="1"/>
						<line number="94" hits="1"/>
						<line number="95" hits="1"/>
						<line number="96" hits="1"/>
						<line number="97" hits="0"/>
						<line number="101" hits="0"/>
						<line number="102" hits="1"/>
						<line number="103" hits="1"/>
						<line number="107" hits="1"/>
						<line number="109" hits="1"/>
						<line number="111" hits="1"/>
						<line number="113" hits="1" branch="true" condition-coverage="100% (2/2)"/>
						<line number="114" hits="1" branch="true" condition-coverage="100% (2/2)"/>
						<line number="115" hits="1"/>
						<line number="117" hits="1" branch="true" condition-coverage="100% (2/2)"/>
						<line number="126" hits="1"/>
						<line number="127" hits="1"/>
						<line number="128" hits="1"/>
						<line number="129" hits="1"/>
						<line number="133" hits="1"/>
						<line number="134" hits="1" branch="true" condition-coverage="50% (1/2)" missing-branches="143"/>
						<line number="143" hits="0"/>
						<line number="145" hits="1"/>
						<line number="147" hits="1"/>
						<line number="149" hits="1"/>
						<line number="151" hits="1"/>
						<line number="152" hits="1"/>
						<line number="154" hits="1" branch="true" condition-coverage="100% (2/2)"/>
						<line number="155" hits="1" branch="true" condition-coverage="100% (2/2)"/>
						<line number="156" hits="1"/>
						<line number="157" hits="1"/>
						<line number="159" hits="1"/>
						<line number="161" hits="1"/>
						<line number="163" hits="1"/>
						<line number="164" hits="1"/>
						<line number="166" hits="1" branch="true" condition-coverage="100% (2/2)"/>
						<line number="167" hits="1" branch="true" condition-coverage="100% (2/2)"/>
						<line number="168" hits="1"/>
						<line number="169" hits="1"/>
						<line number="171" hits="1"/>
						<line number="173" hits="1"/>
						<line number="175" hits="1"/>
						<line number="177" hits="1" branch="true" condition-coverage="100% (2/2)"/>
						<line number="178" hits="1" branch="true" condition-coverage="100% (2/2)"/>
						<line number="183" hits="1"/>
						<line number="185" hits="1"/>
						<line number="187" hits="1"/>
						<line number="189" hits="1"/>
						<line number="191" hits="1"/>
						<line number="192" hits="1" branch="true" condition-coverage="100% (2/2)"/>
						<line number="193" hits="1" branch="true" condition-coverage="100% (2/2)"/>
						<line number="194" hits="1"/>
						<line number="195" hits="1" branch="true" condition-coverage="100% (2/2)"/>
						<line number="196" hits="1"/>
						<line number="198" hits="1"/>
						<line number="199" hits="1"/>
						<line number="201" hits="1"/>
						<line number="203" hits="1"/>
						<line number="204" hits="1"/>
						<line number="206" hits="1"/>
						<line number="208" hits="1"/>
						<line number="210" hits="1"/>
						<line number="213" hits="1"/>
						<line number="220" hits="1" branch="true" condition-coverage="100% (2/2)"/>
						<line number="221" hits="1"/>
						<line number="223" hits="1"/>
						<line number="226" hits="1"/>
						<line number="229" hits="1"/>
						<line number="231" hits="0"/>
						<line number="232" hits="0"/>
						<line number="233" hits="0"/>
						<line number="235" hits="1"/>
						<line number="237" hits="1"/>
						<line number="238" hits="1"/>
						<line number="244" hits="1" branch="true" condition-coverage="50% (1/2)" missing-branches="248"/>
						<line number="245" hits="1"/>
						<line number="248" hits="1"/>
						<line number="249" hits="1"/>
						<line number="251" hits="0"/>
						<line number="252" hits="0"/>
						<line number="253" hits="0"/>
						<line number="255" hits="1"/>
						<line number="257" hits="1"/>
						<line number="258" hits="1"/>
						<line number="261" hits="1"/>
						<line number="264" hits="1"/>
						<line number="265" hits="1"/>
						<line number="266" hits="1"/>
						<line number="268" hits="1"/>
						<line number="270" hits="0"/>
						<line number="271" hits="0"/>
						<line number="275" hits="0"/>
						<line number="276" hits="0"/>
						<line number="277" hits="0"/>
						<line number="278" hits="0"/>
						<line number="280" hits="1"/>
						<line number="282" hits="1"/>
						<line number="285" hits="1"/>
						<line number="286" hits="1" branch="true" condition-coverage="100% (2/2)"/>
						<line number="287" hits="1"/>
						<line number="289" hits="1"/>
						<line number="290" hits="1" branch="true" condition-coverage="100% (2/2)"/>
						<line number="291" hits="1"/>
						<line number="294" hits="1"/>
						<line number="295" hits="1"/>
						<line number="296" hits="1" branch="true" condition-coverage="100% (2/2)"/>
						<line number="297" hits="1"/>
						<line number="302" hits="1"/>
						<line number="303" hits="1" branch="true" condition-coverage="50% (1/2)" missing-branches="304"/>
						<line number="304" hits="0"/>
						<line number="307" hits="1"/>
						<line number="308" hits="1" branch="true" condition-coverage="100% (2/2)"/>
						<line number="309" hits="1"/>
						<line number="311" hits="1"/>
						<line number="312" hits="1" branch="true" condition-coverage="50% (1/2)" missing-branches="313"/>
						<line number="313" hits="0"/>
						<line number="318" hits="1"/>
						<line number="319" hits="1" branch="true" condition-coverage="50% (1/2)" missing-branches="320"/>
						<line number="320" hits="0"/>
						<line number="324" hits="1"/>
						<line number="326" hits="1"/>
						<line number="328" hits="1"/>
						<line number="330" hits="1"/>
						<line number="332" hits="1"/>
						<line number="333" hits="1" branch="true" condition-coverage="100% (2/2)"/>
						<line number="334" hits="1"/>
						<line number="335" hits="1"/>
						<line number="337" hits="1"/>
						<line number="339" hits="1"/>
						<line number="341" hits="1"/>
						<line number="342" hits="1" branch="true" condition-coverage="100% (2/2)"/>
						<line number="343" hits="1"/>
						<line number="344" hits="1" branch="true" condition-coverage="100% (2/2)"/>
						<line number="345" hits="1"/>
						<line number="347" hits="1"/>
						<line number="349" hits="1"/>
						<line number="350" hits="1"/>
						<line number="352" hits="1"/>
						<line number="354" hits="1"/>
						<line number="359" hits="1"/>
						<line number="361" hits="1" branch="true" condition-coverage="100% (2/2)"/>
						<line number="362" hits="1"/>
						<line number="363" hits="1" branch="true" condition-coverage="100% (2/2)"/>
						<line number="364" hits="1"/>
						<line number="365" hits="1"/>
						<line number="367" hits="1"/>
						<line number="368" hits="0"/>
						<line number="369" hits="0"/>
						<line number="371" hits="1"/>
						<line number="375" hits="1"/>
						<line number="378" hits="1"/>
						<line number="381" hits="1" branch="true" condition-coverage="100% (2/2)"/>
						<line number="382" hits="1"/>
						<line number="383" hits="1"/>
						<line number="386" hits="1"/>
						<line number="389" hits="1"/>
					</lines>
				</class>
				<class name="help.py" filename="src/swagger_mcp_server/cli/help.py" complexity="0" line-rate="0" branch-rate="0">
					<methods/>
					<lines>
						<line number="3" hits="0"/>
						<line number="5" hits="0"/>
						<line number="8" hits="0"/>
						<line number="11" hits="0"/>
						<line number="13" hits="0"/>
						<line number="68" hits="0"/>
						<line number="110" hits="0"/>
						<line number="147" hits="0"/>
						<line number="179" hits="0"/>
						<line number="181" hits="0" branch="true" condition-coverage="0% (0/2)" missing-branches="182,183"/>
						<line number="182" hits="0"/>
						<line number="183" hits="0"/>
						<line number="185" hits="0"/>
						<line number="187" hits="0" branch="true" condition-coverage="0% (0/2)" missing-branches="188,189"/>
						<line number="188" hits="0"/>
						<line number="189" hits="0"/>
						<line number="191" hits="0"/>
						<line number="193" hits="0" branch="true" condition-coverage="0% (0/2)" missing-branches="194,195"/>
						<line number="194" hits="0"/>
						<line number="195" hits="0"/>
						<line number="197" hits="0"/>
						<line number="199" hits="0" branch="true" condition-coverage="0% (0/2)" missing-branches="200,201"/>
						<line number="200" hits="0"/>
						<line number="201" hits="0" branch="true" condition-coverage="0% (0/2)" missing-branches="202,208"/>
						<line number="202" hits="0"/>
						<line number="203" hits="0" branch="true" condition-coverage="0% (0/2)" missing-branches="204,205"/>
						<line number="204" hits="0"/>
						<line number="205" hits="0"/>
						<line number="206" hits="0"/>
						<line number="208" hits="0"/>
						<line number="210" hits="0"/>
						<line number="212" hits="0"/>
						<line number="213" hits="0"/>
						<line number="214" hits="0"/>
						<line number="215" hits="0"/>
						<line number="216" hits="0"/>
						<line number="217" hits="0"/>
						<line number="218" hits="0"/>
						<line number="219" hits="0"/>
						<line number="220" hits="0"/>
						<line number="222" hits="0"/>
						<line number="228" hits="0" branch="true" condition-coverage="0% (0/2)" missing-branches="229,230"/>
						<line number="229" hits="0"/>
						<line number="230" hits="0" branch="true" condition-coverage="0% (0/2)" missing-branches="231,232"/>
						<line number="231" hits="0"/>
						<line number="232" hits="0" branch="true" condition-coverage="0% (0/2)" missing-branches="233,234"/>
						<line number="233" hits="0"/>
						<line number="234" hits="0" branch="true" condition-coverage="0% (0/2)" missing-branches="235,236"/>
						<line number="235" hits="0"/>
						<line number="236" hits="0" branch="true" condition-coverage="0% (0/2)" missing-branches="237,238"/>
						<line number="237" hits="0"/>
						<line number="238" hits="0" branch="true" condition-coverage="0% (0/2)" missing-branches="212,239"/>
						<line number="239" hits="0"/>
						<line number="241" hits="0"/>
						<line number="243" hits="0"/>
						<line number="244" hits="0"/>
						<line number="246" hits="0"/>
						<line number="247" hits="0"/>
						<line number="248" hits="0"/>
						<line number="249" hits="0" branch="true" condition-coverage="0% (0/2)" missing-branches="250,255"/>
						<line number="250" hits="0" branch="true" condition-coverage="0% (0/2)" missing-branches="251,253"/>
						<line number="251" hits="0"/>
						<line number="253" hits="0"/>
						<line number="255" hits="0"/>
						<line number="261" hits="0" branch="true" condition-coverage="0% (0/2)" missing-branches="262,264"/>
						<line number="262" hits="0"/>
						<line number="264" hits="0"/>
						<line number="265" hits="0"/>
						<line number="266" hits="0"/>
						<line number="267" hits="0"/>
						<line number="268" hits="0"/>
						<line number="272" hits="0"/>
						<line number="274" hits="0"/>
						<line number="275" hits="0"/>
						<line number="277" hits="0"/>
						<line number="278" hits="0"/>
						<line number="279" hits="0"/>
						<line number="280" hits="0" branch="true" condition-coverage="0% (0/2)" missing-branches="281,287"/>
						<line number="281" hits="0" branch="true" condition-coverage="0% (0/2)" missing-branches="282,284"/>
						<line number="282" hits="0"/>
						<line number="284" hits="0"/>
						<line number="285" hits="0"/>
						<line number="287" hits="0"/>
						<line number="293" hits="0" branch="true" condition-coverage="0% (0/2)" missing-branches="294,296"/>
						<line number="294" hits="0"/>
						<line number="296" hits="0"/>
						<line number="297" hits="0"/>
						<line number="298" hits="0"/>
						<line number="299" hits="0"/>
						<line number="300" hits="0"/>
						<line number="304" hits="0"/>
						<line number="306" hits="0"/>
						<line number="307" hits="0"/>
						<line number="309" hits="0"/>
						<line number="310" hits="0"/>
						<line number="311" hits="0"/>
						<line number="312" hits="0" branch="true" condition-coverage="0% (0/2)" missing-branches="313,319"/>
						<line number="313" hits="0" branch="true" condition-coverage="0% (0/2)" missing-branches="314,316"/>
						<line number="314" hits="0"/>
						<line number="316" hits="0"/>
						<line number="317" hits="0"/>
						<line number="319" hits="0"/>
						<line number="325" hits="0" branch="true" condition-coverage="0% (0/2)" missing-branches="326,328"/>
						<line number="326" hits="0"/>
						<line number="328" hits="0"/>
						<line number="329" hits="0"/>
						<line number="330" hits="0"/>
						<line number="331" hits="0"/>
						<line number="332" hits="0"/>
						<line number="336" hits="0"/>
						<line number="338" hits="0"/>
						<line number="339" hits="0"/>
						<line number="340" hits="0"/>
						<line number="341" hits="0"/>
						<line number="343" hits="0"/>
						<line number="345" hits="0"/>
						<line number="346" hits="0"/>
						<line number="347" hits="0"/>
						<line number="348" hits="0"/>
						<line number="349" hits="0"/>
						<line number="350" hits="0"/>
						<line number="351" hits="0"/>
						<line number="352" hits="0"/>
						<line number="353" hits="0"/>
						<line number="354" hits="0"/>
						<line number="355" hits="0"/>
						<line number="356" hits="0"/>
						<line number="357" hits="0"/>
						<line number="358" hits="0"/>
						<line number="359" hits="0"/>
						<line number="360" hits="0"/>
						<line number="361" hits="0"/>
						<line number="362" hits="0"/>
						<line number="365" hits="0"/>
						<line number="367" hits="0"/>
						<line number="370" hits="0"/>
						<line number="373" hits="0"/>
						<line number="374" hits="0" branch="true" condition-coverage="0% (0/2)" missing-branches="375,377"/>
						<line number="375" hits="0"/>
						<line number="377" hits="0"/>
						<line number="380" hits="0"/>
						<line number="382" hits="0"/>
						<line number="384" hits="0" branch="true" condition-coverage="0% (0/2)" missing-branches="386,389"/>
						<line number="386" hits="0"/>
						<line number="389" hits="0"/>
						<line number="390" hits="0" branch="true" condition-coverage="0% (0/2)" missing-branches="391,395"/>
						<line number="391" hits="0"/>
						<line number="392" hits="0"/>
						<line number="393" hits="0"/>
						<line number="395" hits="0"/>
						<line number="396" hits="0"/>
						<line number="400" hits="0"/>
						<line number="403" hits="0"/>
						<line number="405" hits="0"/>
						<line number="408" hits="0"/>
						<line number="409" hits="0"/>
						<line number="410" hits="0" branch="true" condition-coverage="0% (0/2)" missing-branches="exit,411"/>
						<line number="411" hits="0"/>
						<line number="412" hits="0"/>
						<line number="413" hits="0"/>
						<line number="417" hits="0"/>
						<line number="420" hits="0"/>
						<line number="422" hits="0"/>
						<line number="425" hits="0"/>
						<line number="426" hits="0"/>
						<line number="427" hits="0" branch="true" condition-coverage="0% (0/2)" missing-branches="428,433"/>
						<line number="428" hits="0"/>
						<line number="429" hits="0"/>
						<line number="430" hits="0"/>
						<line number="433" hits="0"/>
						<line number="434" hits="0"/>
					</lines>
				</class>
				<class name="utils.py" filename="src/swagger_mcp_server/cli/utils.py" complexity="0" line-rate="0.201" branch-rate="0.05405">
					<methods/>
					<lines>
						<line number="3" hits="1"/>
						<line number="4" hits="1"/>
						<line number="5" hits="1"/>
						<line number="6" hits="1"/>
						<line number="7" hits="1"/>
						<line number="9" hits="1"/>
						<line number="12" hits="1"/>
						<line number="14" hits="0" branch="true" condition-coverage="0% (0/2)" missing-branches="15,18"/>
						<line number="15" hits="0"/>
						<line number="18" hits="0" branch="true" condition-coverage="0% (0/2)" missing-branches="19,22"/>
						<line number="19" hits="0"/>
						<line number="22" hits="0"/>
						<line number="23" hits="0" branch="true" condition-coverage="0% (0/2)" missing-branches="24,29"/>
						<line number="24" hits="0"/>
						<line number="26" hits="0"/>
						<line number="27" hits="0"/>
						<line number="29" hits="0"/>
						<line number="31" hits="0"/>
						<line number="32" hits="0"/>
						<line number="35" hits="0"/>
						<line number="38" hits="0"/>
						<line number="39" hits="0"/>
						<line number="42" hits="1"/>
						<line number="44" hits="0" branch="true" condition-coverage="0% (0/2)" missing-branches="45,46"/>
						<line number="45" hits="0"/>
						<line number="46" hits="0" branch="true" condition-coverage="0% (0/2)" missing-branches="47,48"/>
						<line number="47" hits="0"/>
						<line number="48" hits="0" branch="true" condition-coverage="0% (0/2)" missing-branches="49,51"/>
						<line number="49" hits="0"/>
						<line number="51" hits="0"/>
						<line number="54" hits="1"/>
						<line number="56" hits="0" branch="true" condition-coverage="0% (0/2)" missing-branches="57,58"/>
						<line number="57" hits="0"/>
						<line number="58" hits="0" branch="true" condition-coverage="0% (0/2)" missing-branches="59,60"/>
						<line number="59" hits="0"/>
						<line number="60" hits="0" branch="true" condition-coverage="0% (0/2)" missing-branches="61,63"/>
						<line number="61" hits="0"/>
						<line number="63" hits="0"/>
						<line number="66" hits="1"/>
						<line number="68" hits="0"/>
						<line number="70" hits="0"/>
						<line number="71" hits="0"/>
						<line number="72" hits="0"/>
						<line number="73" hits="0"/>
						<line number="74" hits="0"/>
						<line number="75" hits="0"/>
						<line number="76" hits="0"/>
						<line number="79" hits="1"/>
						<line number="81" hits="0" branch="true" condition-coverage="0% (0/2)" missing-branches="82,84"/>
						<line number="82" hits="0" branch="true" condition-coverage="0% (0/2)" missing-branches="81,83"/>
						<line number="83" hits="0"/>
						<line number="84" hits="0"/>
						<line number="87" hits="1"/>
						<line number="89" hits="0"/>
						<line number="90" hits="0"/>
						<line number="91" hits="0"/>
						<line number="102" hits="0" branch="true" condition-coverage="0% (0/2)" missing-branches="103,104"/>
						<line number="103" hits="0"/>
						<line number="104" hits="0" branch="true" condition-coverage="0% (0/2)" missing-branches="105,107"/>
						<line number="105" hits="0"/>
						<line number="107" hits="0"/>
						<line number="110" hits="1"/>
						<line number="112" hits="0"/>
						<line number="114" hits="0" branch="true" condition-coverage="0% (0/2)" missing-branches="115,126"/>
						<line number="115" hits="0" branch="true" condition-coverage="0% (0/2)" missing-branches="116,119"/>
						<line number="116" hits="0"/>
						<line number="117" hits="0"/>
						<line number="119" hits="0" branch="true" condition-coverage="0% (0/2)" missing-branches="120,126"/>
						<line number="120" hits="0" branch="true" condition-coverage="0% (0/2)" missing-branches="124,126"/>
						<line number="124" hits="0"/>
						<line number="126" hits="0"/>
						<line number="127" hits="0"/>
						<line number="128" hits="0"/>
						<line number="129" hits="0"/>
						<line number="130" hits="0"/>
						<line number="131" hits="0"/>
						<line number="134" hits="1"/>
						<line number="136" hits="0"/>
						<line number="137" hits="0"/>
						<line number="138" hits="0"/>
						<line number="139" hits="0"/>
						<line number="142" hits="1"/>
						<line number="146" hits="0" branch="true" condition-coverage="0% (0/2)" missing-branches="147,149"/>
						<line number="147" hits="0"/>
						<line number="149" hits="0" branch="true" condition-coverage="0% (0/2)" missing-branches="150,153"/>
						<line number="150" hits="0"/>
						<line number="153" hits="0"/>
						<line number="154" hits="0" branch="true" condition-coverage="0% (0/2)" missing-branches="155,160"/>
						<line number="155" hits="0" branch="true" condition-coverage="0% (0/2)" missing-branches="154,156"/>
						<line number="156" hits="0" branch="true" condition-coverage="0% (0/2)" missing-branches="155,157"/>
						<line number="157" hits="0"/>
						<line number="160" hits="0"/>
						<line number="161" hits="0" branch="true" condition-coverage="0% (0/2)" missing-branches="163,167"/>
						<line number="163" hits="0"/>
						<line number="164" hits="0"/>
						<line number="167" hits="0"/>
						<line number="170" hits="0"/>
						<line number="171" hits="0"/>
						<line number="174" hits="0" branch="true" condition-coverage="0% (0/2)" missing-branches="exit,175"/>
						<line number="175" hits="0"/>
						<line number="179" hits="0"/>
						<line number="182" hits="1"/>
						<line number="189" hits="0"/>
						<line number="198" hits="0"/>
						<line number="206" hits="0"/>
						<line number="207" hits="0"/>
						<line number="209" hits="0"/>
						<line number="210" hits="0"/>
						<line number="212" hits="0" branch="true" condition-coverage="0% (0/2)" missing-branches="exit,213"/>
						<line number="213" hits="0"/>
						<line number="216" hits="1"/>
						<line number="219" hits="0"/>
						<line number="220" hits="0"/>
						<line number="221" hits="0"/>
						<line number="222" hits="0"/>
						<line number="223" hits="0"/>
						<line number="224" hits="0"/>
						<line number="225" hits="0"/>
						<line number="226" hits="0"/>
						<line number="227" hits="0"/>
						<line number="229" hits="0"/>
						<line number="232" hits="1"/>
						<line number="234" hits="0"/>
						<line number="236" hits="0"/>
						<line number="245" hits="1"/>
						<line number="247" hits="0"/>
						<line number="256" hits="0" branch="true" condition-coverage="0% (0/2)" missing-branches="257,263"/>
						<line number="257" hits="0"/>
						<line number="258" hits="0"/>
						<line number="259" hits="0"/>
						<line number="260" hits="0"/>
						<line number="261" hits="0"/>
						<line number="263" hits="0"/>
						<line number="266" hits="1"/>
						<line number="268" hits="0"/>
						<line number="270" hits="0"/>
						<line number="271" hits="0"/>
						<line number="273" hits="0" branch="true" condition-coverage="0% (0/2)" missing-branches="exit,274"/>
						<line number="274" hits="0"/>
						<line number="275" hits="0"/>
						<line number="276" hits="0" branch="true" condition-coverage="0% (0/2)" missing-branches="277,279"/>
						<line number="277" hits="0"/>
						<line number="279" hits="0"/>
						<line number="280" hits="0"/>
						<line number="281" hits="0" branch="true" condition-coverage="0% (0/2)" missing-branches="exit,282"/>
						<line number="282" hits="0"/>
						<line number="283" hits="0"/>
						<line number="286" hits="1"/>
						<line number="288" hits="1" branch="true" condition-coverage="100% (2/2)"/>
						<line number="289" hits="1"/>
						<line number="290" hits="1"/>
						<line number="291" hits="1"/>
						<line number="293" hits="1"/>
						<line number="294" hits="0"/>
						<line number="295" hits="0"/>
						<line number="297" hits="1"/>
						<line number="298" hits="1"/>
						<line number="299" hits="1"/>
						<line number="300" hits="0"/>
						<line number="301" hits="0"/>
						<line number="303" hits="0" branch="true" condition-coverage="0% (0/2)" missing-branches="304,311"/>
						<line number="304" hits="0"/>
						<line number="305" hits="0"/>
						<line number="307" hits="0"/>
						<line number="308" hits="0"/>
						<line number="309" hits="0"/>
						<line number="310" hits="0"/>
						<line number="311" hits="0"/>
						<line number="314" hits="1"/>
						<line number="316" hits="0"/>
						<line number="317" hits="0"/>
						<line number="319" hits="0" branch="true" condition-coverage="0% (0/2)" missing-branches="320,324"/>
						<line number="320" hits="0" branch="true" condition-coverage="0% (0/2)" missing-branches="321,322"/>
						<line number="321" hits="0"/>
						<line number="322" hits="0"/>
						<line number="324" hits="0"/>
						<line number="327" hits="1"/>
						<line number="329" hits="1"/>
						<line number="331" hits="1"/>
						<line number="332" hits="1"/>
						<line number="334" hits="1" branch="true" condition-coverage="50% (1/2)" missing-branches="335"/>
						<line number="335" hits="0"/>
						<line number="336" hits="0"/>
						<line number="337" hits="1" branch="true" condition-coverage="50% (1/2)" missing-branches="341"/>
						<line number="338" hits="1"/>
						<line number="339" hits="1"/>
						<line number="341" hits="0"/>
						<line number="342" hits="0"/>
						<line number="344" hits="1"/>
						<line number="352" hits="1"/>
						<line number="354" hits="0"/>
						<line number="356" hits="0"/>
						<line number="358" hits="0" branch="true" condition-coverage="0% (0/2)" missing-branches="359,360"/>
						<line number="359" hits="0"/>
						<line number="360" hits="0" branch="true" condition-coverage="0% (0/2)" missing-branches="361,363"/>
						<line number="361" hits="0"/>
						<line number="363" hits="0"/>
						<line number="365" hits="0"/>
						<line number="370" hits="0"/>
					</lines>
				</class>
			</classes>
		</package>
		<package name="src.swagger_mcp_server.config" line-rate="0.8393" branch-rate="0.7245" complexity="0">
			<classes>
				<class name="config_manager.py" filename="src/swagger_mcp_server/config/config_manager.py" complexity="0" line-rate="0.8492" branch-rate="0.7647">
					<methods/>
					<lines>
						<line number="3" hits="1"/>
						<line number="4" hits="1"/>
						<line number="5" hits="1"/>
						<line number="6" hits="1"/>
						<line number="7" hits="1"/>
						<line number="8" hits="1"/>
						<line number="10" hits="1"/>
						<line number="12" hits="1"/>
						<line number="13" hits="1"/>
						<line number="14" hits="1"/>
						<line number="15" hits="1"/>
						<line number="18" hits="1"/>
						<line number="21" hits="1"/>
						<line number="27" hits="1"/>
						<line number="28" hits="1"/>
						<line number="29" hits="1"/>
						<line number="32" hits="1"/>
						<line number="33" hits="1"/>
						<line number="34" hits="1"/>
						<line number="37" hits="1"/>
						<line number="38" hits="1"/>
						<line number="40" hits="1"/>
						<line number="54" hits="1"/>
						<line number="56" hits="1"/>
						<line number="59" hits="1"/>
						<line number="60" hits="1" branch="true" condition-coverage="100% (2/2)"/>
						<line number="61" hits="1"/>
						<line number="62" hits="1"/>
						<line number="65" hits="1"/>
						<line number="66" hits="1" branch="true" condition-coverage="100% (2/2)"/>
						<line number="67" hits="1"/>
						<line number="70" hits="1"/>
						<line number="71" hits="1" branch="true" condition-coverage="100% (2/2)"/>
						<line number="72" hits="1"/>
						<line number="77" hits="1"/>
						<line number="79" hits="1"/>
						<line number="80" hits="1" branch="true" condition-coverage="50% (1/2)" missing-branches="83"/>
						<line number="81" hits="1"/>
						<line number="83" hits="0"/>
						<line number="85" hits="1"/>
						<line number="87" hits="1"/>
						<line number="88" hits="1"/>
						<line number="89" hits="1"/>
						<line number="92" hits="1" branch="true" condition-coverage="100% (2/2)"/>
						<line number="93" hits="1"/>
						<line number="94" hits="1" branch="true" condition-coverage="50% (1/2)" missing-branches="98"/>
						<line number="95" hits="1"/>
						<line number="98" hits="0"/>
						<line number="99" hits="0"/>
						<line number="100" hits="0"/>
						<line number="101" hits="0"/>
						<line number="103" hits="1"/>
						<line number="104" hits="0"/>
						<line number="105" hits="1"/>
						<line number="106" hits="1"/>
						<line number="110" hits="0"/>
						<line number="111" hits="0"/>
						<line number="116" hits="1"/>
						<line number="120" hits="1"/>
						<line number="122" hits="1" branch="true" condition-coverage="100% (2/2)"/>
						<line number="123" hits="1" branch="true" condition-coverage="100% (2/2)"/>
						<line number="128" hits="1"/>
						<line number="130" hits="1"/>
						<line number="132" hits="1"/>
						<line number="134" hits="1"/>
						<line number="136" hits="1"/>
						<line number="139" hits="1" branch="true" condition-coverage="100% (2/2)"/>
						<line number="140" hits="1"/>
						<line number="141" hits="1" branch="true" condition-coverage="100% (2/2)"/>
						<line number="142" hits="1"/>
						<line number="145" hits="1" branch="true" condition-coverage="50% (1/2)" missing-branches="146"/>
						<line number="146" hits="0"/>
						<line number="149" hits="1"/>
						<line number="151" hits="1"/>
						<line number="153" hits="1"/>
						<line number="155" hits="1"/>
						<line number="158" hits="1"/>
						<line number="159" hits="1" branch="true" condition-coverage="100% (2/2)"/>
						<line number="160" hits="1" branch="true" condition-coverage="50% (1/2)" missing-branches="162"/>
						<line number="161" hits="1"/>
						<line number="162" hits="1" branch="true" condition-coverage="50% (1/2)" missing-branches="166"/>
						<line number="163" hits="1"/>
						<line number="166" hits="1"/>
						<line number="167" hits="1" branch="true" condition-coverage="100% (2/2)"/>
						<line number="168" hits="1"/>
						<line number="169" hits="1" branch="true" condition-coverage="50% (1/2)" missing-branches="170"/>
						<line number="170" hits="0"/>
						<line number="171" hits="0"/>
						<line number="172" hits="0"/>
						<line number="173" hits="0"/>
						<line number="176" hits="1"/>
						<line number="177" hits="1" branch="true" condition-coverage="50% (1/2)" missing-branches="185"/>
						<line number="178" hits="1"/>
						<line number="179" hits="1" branch="true" condition-coverage="50% (1/2)" missing-branches="180"/>
						<line number="180" hits="0"/>
						<line number="181" hits="0"/>
						<line number="182" hits="0"/>
						<line number="183" hits="0"/>
						<line number="185" hits="1"/>
						<line number="187" hits="1"/>
						<line number="199" hits="1"/>
						<line number="200" hits="1"/>
						<line number="203" hits="1" branch="true" condition-coverage="100% (2/2)"/>
						<line number="204" hits="1"/>
						<line number="207" hits="1"/>
						<line number="210" hits="1" branch="true" condition-coverage="100% (2/2)"/>
						<line number="211" hits="1"/>
						<line number="212" hits="1"/>
						<line number="215" hits="1"/>
						<line number="216" hits="1"/>
						<line number="217" hits="1"/>
						<line number="218" hits="1"/>
						<line number="219" hits="1"/>
						<line number="221" hits="0"/>
						<line number="222" hits="0"/>
						<line number="224" hits="1"/>
						<line number="236" hits="1"/>
						<line number="237" hits="1"/>
						<line number="239" hits="1"/>
						<line number="253" hits="1"/>
						<line number="254" hits="1" branch="true" condition-coverage="100% (2/2)"/>
						<line number="255" hits="1"/>
						<line number="258" hits="1"/>
						<line number="261" hits="1"/>
						<line number="264" hits="1"/>
						<line number="266" hits="1"/>
						<line number="278" hits="1"/>
						<line number="280" hits="1" branch="true" condition-coverage="50% (1/2)" missing-branches="283"/>
						<line number="281" hits="1"/>
						<line number="283" hits="0"/>
						<line number="286" hits="1"/>
						<line number="288" hits="0"/>
						<line number="289" hits="0"/>
						<line number="291" hits="1"/>
						<line number="307" hits="1"/>
						<line number="308" hits="1"/>
						<line number="311" hits="1" branch="true" condition-coverage="100% (2/2)"/>
						<line number="312" hits="1"/>
						<line number="320" hits="1"/>
						<line number="323" hits="1"/>
						<line number="324" hits="1" branch="true" condition-coverage="50% (1/2)" missing-branches="325"/>
						<line number="325" hits="0"/>
						<line number="331" hits="1"/>
						<line number="333" hits="1"/>
						<line number="334" hits="1" branch="true" condition-coverage="50% (1/2)" missing-branches="337"/>
						<line number="335" hits="1"/>
						<line number="337" hits="0"/>
						<line number="341" hits="1"/>
[...]
						<line number="55" hits="0"/>
						<line number="57" hits="0" branch="true" condition-coverage="0% (0/2)" missing-branches="58,61"/>
						<line number="58" hits="0"/>
						<line number="59" hits="0"/>
						<line number="61" hits="0" branch="true" condition-coverage="0% (0/2)" missing-branches="62,65"/>
						<line number="62" hits="0"/>
						<line number="63" hits="0"/>
						<line number="65" hits="0" branch="true" condition-coverage="0% (0/2)" missing-branches="66,69"/>
						<line number="66" hits="0"/>
						<line number="67" hits="0"/>
						<line number="69" hits="0" branch="true" condition-coverage="0% (0/2)" missing-branches="70,72"/>
						<line number="70" hits="0"/>
						<line number="72" hits="0"/>
						<line number="73" hits="0"/>
						<line number="75" hits="0"/>
						<line number="76" hits="0"/>
						<line number="79" hits="0"/>
						<line number="80" hits="0" branch="true" condition-coverage="0% (0/2)" missing-branches="81,87"/>
						<line number="81" hits="0"/>
						<line number="82" hits="0" branch="true" condition-coverage="0% (0/2)" missing-branches="83,85"/>
						<line number="83" hits="0" branch="true" condition-coverage="0% (0/2)" missing-branches="82,84"/>
						<line number="84" hits="0"/>
						<line number="85" hits="0"/>
						<line number="87" hits="0"/>
						<line number="91" hits="0"/>
						<line number="93" hits="0"/>
						<line number="94" hits="0"/>
						<line number="100" hits="0"/>
						<line number="104" hits="1"/>
						<line number="114" hits="0"/>
						<line number="117" hits="0"/>
						<line number="118" hits="0"/>
						<line number="120" hits="0" branch="true" condition-coverage="0% (0/2)" missing-branches="121,130"/>
						<line number="121" hits="0"/>
						<line number="122" hits="0"/>
						<line number="128" hits="0"/>
						<line number="130" hits="0" branch="true" condition-coverage="0% (0/2)" missing-branches="131,134"/>
						<line number="131" hits="0"/>
						<line number="134" hits="0" branch="true" condition-coverage="0% (0/2)" missing-branches="135,137"/>
						<line number="135" hits="0"/>
						<line number="137" hits="0" branch="true" condition-coverage="0% (0/2)" missing-branches="138,140"/>
						<line number="138" hits="0"/>
						<line number="140" hits="0" branch="true" condition-coverage="0% (0/2)" missing-branches="141,143"/>
						<line number="141" hits="0"/>
						<line number="143" hits="0"/>
						<line number="145" hits="0"/>
						<line number="146" hits="0"/>
						<line number="148" hits="0"/>
						<line number="150" hits="1"/>
						<line number="159" hits="0"/>
						<line number="161" hits="0" branch="true" condition-coverage="0% (0/2)" missing-branches="162,164"/>
						<line number="162" hits="0"/>
						<line number="164" hits="0" branch="true" condition-coverage="0% (0/2)" missing-branches="165,167"/>
						<line number="165" hits="0"/>
						<line number="167" hits="0" branch="true" condition-coverage="0% (0/2)" missing-branches="168,170"/>
						<line number="168" hits="0"/>
						<line number="170" hits="0"/>
						<line number="174" hits="1"/>
						<line number="178" hits="0"/>
						<line number="179" hits="0"/>
						<line number="181" hits="0" branch="true" condition-coverage="0% (0/2)" missing-branches="182,184"/>
						<line number="182" hits="0"/>
						<line number="184" hits="0"/>
						<line number="185" hits="0"/>
						<line number="187" hits="0"/>
						<line number="189" hits="0"/>
						<line number="190" hits="0"/>
						<line number="196" hits="0"/>
						<line number="198" hits="1"/>
						<line number="202" hits="0"/>
						<line number="203" hits="0"/>
						<line number="205" hits="0" branch="true" condition-coverage="0% (0/2)" missing-branches="206,208"/>
						<line number="206" hits="0"/>
						<line number="208" hits="0"/>
						<line number="210" hits="0"/>
						<line number="211" hits="0"/>
						<line number="213" hits="0"/>
						<line number="215" hits="0"/>
						<line number="216" hits="0"/>
						<line number="219" hits="0"/>
						<line number="221" hits="1"/>
						<line number="225" hits="0"/>
						<line number="226" hits="0"/>
						<line number="228" hits="0" branch="true" condition-coverage="0% (0/2)" missing-branches="229,231"/>
						<line number="229" hits="0"/>
						<line number="231" hits="0"/>
						<line number="233" hits="0"/>
						<line number="234" hits="0"/>
						<line number="236" hits="0"/>
						<line number="238" hits="0"/>
						<line number="239" hits="0"/>
						<line number="245" hits="0"/>
						<line number="247" hits="1"/>
						<line number="251" hits="0"/>
						<line number="253" hits="0"/>
						<line number="257" hits="0" branch="true" condition-coverage="0% (0/2)" missing-branches="258,260"/>
						<line number="258" hits="0"/>
						<line number="260" hits="0"/>
						<line number="261" hits="0"/>
						<line number="263" hits="0"/>
						<line number="265" hits="0"/>
						<line number="266" hits="0"/>
						<line number="272" hits="0"/>
						<line number="274" hits="1"/>
						<line number="278" hits="0"/>
						<line number="280" hits="0"/>
						<line number="281" hits="0" branch="true" condition-coverage="0% (0/2)" missing-branches="282,285"/>
						<line number="282" hits="0"/>
						<line number="285" hits="0"/>
						<line number="287" hits="0" branch="true" condition-coverage="0% (0/2)" missing-branches="288,290"/>
						<line number="288" hits="0"/>
						<line number="290" hits="0"/>
						<line number="291" hits="0"/>
						<line number="293" hits="0"/>
						<line number="295" hits="0"/>
						<line number="296" hits="0"/>
						<line number="302" hits="0"/>
						<line number="304" hits="1"/>
						<line number="308" hits="0"/>
						<line number="309" hits="0"/>
						<line number="311" hits="0" branch="true" condition-coverage="0% (0/2)" missing-branches="312,314"/>
						<line number="312" hits="0"/>
						<line number="314" hits="0"/>
						<line number="316" hits="0"/>
						<line number="317" hits="0"/>
						<line number="319" hits="0"/>
						<line number="321" hits="0"/>
						<line number="322" hits="0"/>
						<line number="327" hits="0"/>
						<line number="329" hits="1"/>
						<line number="331" hits="0"/>
						<line number="332" hits="0"/>
						<line number="334" hits="0" branch="true" condition-coverage="0% (0/2)" missing-branches="335,337"/>
						<line number="335" hits="0"/>
						<line number="337" hits="0"/>
						<line number="339" hits="0"/>
						<line number="340" hits="0"/>
						<line number="342" hits="0"/>
						<line number="344" hits="0"/>
						<line number="345" hits="0"/>
						<line number="348" hits="0"/>
						<line number="350" hits="1"/>
						<line number="352" hits="0"/>
						<line number="353" hits="0"/>
						<line number="355" hits="0" branch="true" condition-coverage="0% (0/2)" missing-branches="356,358"/>
						<line number="356" hits="0"/>
						<line number="358" hits="0"/>
						<line number="359" hits="0"/>
						<line number="361" hits="0"/>
						<line number="362" hits="0"/>
						<line number="364" hits="0"/>
						<line number="366" hits="0"/>
						<line number="367" hits="0"/>
						<line number="370" hits="0"/>
						<line number="372" hits="1"/>
						<line number="376" hits="0"/>
						<line number="377" hits="0"/>
						<line number="378" hits="0" branch="true" condition-coverage="0% (0/2)" missing-branches="379,381"/>
						<line number="379" hits="0"/>
						<line number="381" hits="0"/>
						<line number="383" hits="0"/>
						<line number="384" hits="0"/>
						<line number="390" hits="0"/>
						<line number="392" hits="1"/>
						<line number="396" hits="0"/>
						<line number="398" hits="0"/>
						<line number="402" hits="0" branch="true" condition-coverage="0% (0/2)" missing-branches="403,405"/>
						<line number="403" hits="0"/>
						<line number="405" hits="0"/>
						<line number="406" hits="0"/>
						<line number="408" hits="0"/>
						<line number="410" hits="0"/>
						<line number="411" hits="0"/>
						<line number="417" hits="0"/>
						<line number="419" hits="1"/>
						<line number="421" hits="0"/>
						<line number="422" hits="0"/>
						<line number="423" hits="0" branch="true" condition-coverage="0% (0/2)" missing-branches="424,427"/>
						<line number="424" hits="0"/>
						<line number="427" hits="0"/>
						<line number="428" hits="0"/>
						<line number="429" hits="0"/>
						<line number="432" hits="0"/>
						<line number="433" hits="0" branch="true" condition-coverage="0% (0/2)" missing-branches="434,436"/>
						<line number="434" hits="0"/>
						<line number="436" hits="0"/>
						<line number="437" hits="0"/>
						<line number="438" hits="0"/>
						<line number="439" hits="0"/>
						<line number="442" hits="0"/>
						<line number="443" hits="0" branch="true" condition-coverage="0% (0/2)" missing-branches="444,446"/>
						<line number="444" hits="0"/>
						<line number="446" hits="0"/>
						<line number="447" hits="0"/>
						<line number="450" hits="0"/>
						<line number="451" hits="0" branch="true" condition-coverage="0% (0/2)" missing-branches="452,454"/>
						<line number="452" hits="0"/>
						<line number="454" hits="0"/>
						<line number="455" hits="0"/>
						<line number="458" hits="0"/>
						<line number="461" hits="0" branch="true" condition-coverage="0% (0/2)" missing-branches="462,464"/>
						<line number="462" hits="0"/>
						<line number="464" hits="0"/>
						<line number="465" hits="0"/>
						<line number="467" hits="0"/>
						<line number="479" hits="0"/>
						<line number="480" hits="0"/>
						<line number="483" hits="0"/>
						<line number="485" hits="1"/>
						<line number="487" hits="0"/>
						<line number="490" hits="0"/>
						<line number="492" hits="0" branch="true" condition-coverage="0% (0/2)" missing-branches="494,498"/>
						<line number="494" hits="0"/>
						<line number="495" hits="0"/>
						<line number="496" hits="0"/>
						<line number="498" hits="0"/>
						<line number="504" hits="0"/>
						<line number="505" hits="0"/>
						<line number="510" hits="0"/>
					</lines>
				</class>
				<class name="security_repository.py" filename="src/swagger_mcp_server/storage/repositories/security_repository.py" complexity="0" line-rate="0.133" branch-rate="0">
					<methods/>
					<lines>
						<line number="3" hits="1"/>
						<line number="5" hits="1"/>
						<line number="6" hits="1"/>
						<line number="8" hits="1"/>
						<line number="9" hits="1"/>
						<line number="10" hits="1"/>
						<line number="15" hits="1"/>
						<line number="18" hits="1"/>
						<line number="21" hits="1"/>
						<line number="22" hits="0"/>
						<line number="24" hits="1"/>
						<line number="28" hits="0"/>
						<line number="29" hits="0"/>
						<line number="31" hits="0" branch="true" condition-coverage="0% (0/2)" missing-branches="32,34"/>
						<line number="32" hits="0"/>
						<line number="34" hits="0"/>
						<line number="35" hits="0"/>
						<line number="37" hits="0"/>
						<line number="39" hits="0"/>
						<line number="40" hits="0"/>
						<line number="46" hits="0"/>
						<line number="48" hits="1"/>
						<line number="50" hits="0"/>
						<line number="51" hits="0"/>
						<line number="52" hits="0"/>
						<line number="54" hits="0"/>
						<line number="55" hits="0"/>
						<line number="57" hits="0"/>
						<line number="59" hits="0"/>
						<line number="60" hits="0"/>
						<line number="65" hits="0"/>
						<line number="67" hits="1"/>
						<line number="71" hits="0"/>
						<line number="72" hits="0"/>
						<line number="74" hits="0" branch="true" condition-coverage="0% (0/2)" missing-branches="75,77"/>
						<line number="75" hits="0"/>
						<line number="77" hits="0"/>
						<line number="79" hits="0"/>
						<line number="80" hits="0"/>
						<line number="82" hits="0"/>
						<line number="84" hits="0"/>
						<line number="85" hits="0"/>
						<line number="91" hits="0"/>
						<line number="93" hits="1"/>
						<line number="97" hits="0"/>
						<line number="99" hits="1"/>
						<line number="103" hits="0"/>
						<line number="105" hits="1"/>
						<line number="109" hits="0"/>
						<line number="111" hits="1"/>
						<line number="115" hits="0"/>
						<line number="117" hits="1"/>
						<line number="121" hits="0"/>
						<line number="123" hits="1"/>
						<line number="132" hits="0"/>
						<line number="133" hits="0" branch="true" condition-coverage="0% (0/2)" missing-branches="134,137"/>
						<line number="134" hits="0"/>
						<line number="137" hits="0"/>
						<line number="138" hits="0"/>
						<line number="140" hits="0" branch="true" condition-coverage="0% (0/2)" missing-branches="141,150"/>
						<line number="141" hits="0"/>
						<line number="142" hits="0"/>
						<line number="148" hits="0"/>
						<line number="150" hits="0"/>
						<line number="151" hits="0" branch="true" condition-coverage="0% (0/2)" missing-branches="152,155"/>
						<line number="152" hits="0"/>
						<line number="155" hits="0" branch="true" condition-coverage="0% (0/2)" missing-branches="156,158"/>
						<line number="156" hits="0"/>
						<line number="158" hits="0" branch="true" condition-coverage="0% (0/2)" missing-branches="159,161"/>
						<line number="159" hits="0"/>
						<line number="161" hits="0"/>
						<line number="163" hits="0"/>
						<line number="164" hits="0"/>
						<line number="166" hits="0"/>
						<line number="168" hits="0"/>
						<line number="169" hits="0"/>
						<line number="175" hits="0"/>
						<line number="177" hits="1"/>
						<line number="185" hits="0"/>
						<line number="187" hits="0" branch="true" condition-coverage="0% (0/2)" missing-branches="188,190"/>
						<line number="188" hits="0"/>
						<line number="190" hits="0" branch="true" condition-coverage="0% (0/2)" missing-branches="191,193"/>
						<line number="191" hits="0"/>
						<line number="193" hits="0"/>
						<line number="197" hits="1"/>
						<line number="201" hits="0"/>
						<line number="202" hits="0"/>
						<line number="204" hits="0" branch="true" condition-coverage="0% (0/2)" missing-branches="205,207"/>
						<line number="205" hits="0"/>
						<line number="207" hits="0"/>
						<line number="209" hits="0"/>
						<line number="210" hits="0"/>
						<line number="212" hits="0"/>
						<line number="214" hits="0"/>
						<line number="215" hits="0"/>
						<line number="220" hits="0"/>
						<line number="222" hits="1"/>
						<line number="226" hits="0"/>
						<line number="227" hits="0"/>
						<line number="229" hits="0" branch="true" condition-coverage="0% (0/2)" missing-branches="230,232"/>
						<line number="230" hits="0"/>
						<line number="232" hits="0"/>
						<line number="234" hits="0"/>
						<line number="235" hits="0"/>
						<line number="237" hits="0"/>
						<line number="239" hits="0"/>
						<line number="240" hits="0"/>
						<line number="245" hits="0"/>
						<line number="247" hits="1"/>
						<line number="249" hits="0"/>
						<line number="250" hits="0"/>
						<line number="252" hits="0" branch="true" condition-coverage="0% (0/2)" missing-branches="253,255"/>
						<line number="253" hits="0"/>
						<line number="255" hits="0"/>
						<line number="257" hits="0"/>
						<line number="258" hits="0"/>
						<line number="260" hits="0"/>
						<line number="262" hits="0"/>
						<line number="263" hits="0"/>
						<line number="268" hits="0"/>
						<line number="270" hits="1"/>
						<line number="274" hits="0"/>
						<line number="275" hits="0"/>
						<line number="276" hits="0" branch="true" condition-coverage="0% (0/2)" missing-branches="277,279"/>
						<line number="277" hits="0"/>
						<line number="279" hits="0"/>
						<line number="281" hits="0"/>
						<line number="282" hits="0"/>
						<line number="288" hits="0"/>
						<line number="290" hits="1"/>
						<line number="294" hits="0"/>
						<line number="295" hits="0"/>
						<line number="302" hits="0" branch="true" condition-coverage="0% (0/2)" missing-branches="303,305"/>
						<line number="303" hits="0"/>
						<line number="305" hits="0"/>
						<line number="306" hits="0"/>
						<line number="308" hits="0"/>
						<line number="310" hits="0"/>
						<line number="311" hits="0"/>
						<line number="317" hits="0"/>
						<line number="321" hits="1"/>
						<line number="325" hits="0"/>
						<line number="326" hits="0"/>
						<line number="333" hits="0" branch="true" condition-coverage="0% (0/2)" missing-branches="334,336"/>
						<line number="334" hits="0"/>
						<line number="336" hits="0"/>
						<line number="337" hits="0"/>
						<line number="339" hits="0"/>
						<line number="341" hits="0"/>
						<line number="342" hits="0"/>
						<line number="348" hits="0"/>
						<line number="352" hits="1"/>
						<line number="354" hits="0"/>
						<line number="355" hits="0"/>
						<line number="356" hits="0" branch="true" condition-coverage="0% (0/2)" missing-branches="357,360"/>
						<line number="357" hits="0"/>
						<line number="360" hits="0"/>
						<line number="361" hits="0"/>
						<line number="362" hits="0"/>
						<line number="365" hits="0"/>
						<line number="369" hits="0" branch="true" condition-coverage="0% (0/2)" missing-branches="370,372"/>
						<line number="370" hits="0"/>
						<line number="372" hits="0"/>
						<line number="373" hits="0"/>
						<line number="374" hits="0"/>
						<line number="377" hits="0"/>
						<line number="378" hits="0" branch="true" condition-coverage="0% (0/2)" missing-branches="379,381"/>
						<line number="379" hits="0"/>
						<line number="381" hits="0"/>
						<line number="382" hits="0"/>
						<line number="385" hits="0"/>
						<line number="386" hits="0" branch="true" condition-coverage="0% (0/2)" missing-branches="387,402"/>
						<line number="387" hits="0"/>
						<line number="392" hits="0" branch="true" condition-coverage="0% (0/2)" missing-branches="393,395"/>
						<line number="393" hits="0"/>
						<line number="395" hits="0"/>
						<line number="396" hits="0"/>
						<line number="397" hits="0"/>
						<line number="402" hits="0"/>
						<line number="403" hits="0" branch="true" condition-coverage="0% (0/2)" missing-branches="404,423"/>
						<line number="404" hits="0"/>
						<line number="409" hits="0" branch="true" condition-coverage="0% (0/2)" missing-branches="410,414"/>
						<line number="410" hits="0"/>
						<line number="414" hits="0"/>
						<line number="417" hits="0"/>
						<line number="418" hits="0"/>
						<line number="423" hits="0"/>
						<line number="435" hits="0"/>
						<line number="436" hits="0"/>
						<line number="441" hits="0"/>
						<line number="443" hits="1"/>
						<line number="445" hits="0"/>
						<line number="448" hits="0"/>
						<line number="450" hits="0" branch="true" condition-coverage="0% (0/2)" missing-branches="451,454"/>
						<line number="451" hits="0"/>
						<line number="452" hits="0"/>
						<line number="454" hits="0"/>
						<line number="460" hits="0"/>
						<line number="461" hits="0"/>
						<line number="466" hits="0"/>
						<line number="468" hits="1"/>
						<line number="472" hits="0"/>
						<line number="473" hits="0"/>
						<line number="474" hits="0" branch="true" condition-coverage="0% (0/2)" missing-branches="exit,475"/>
						<line number="475" hits="0"/>
						<line number="476" hits="0"/>
						<line number="478" hits="0"/>
						<line number="479" hits="0"/>
						<line number="485" hits="0"/>
						<line number="487" hits="1"/>
						<line number="491" hits="0"/>
						<line number="492" hits="0"/>
						<line number="493" hits="0" branch="true" condition-coverage="0% (0/2)" missing-branches="exit,494"/>
						<line number="494" hits="0"/>
						<line number="495" hits="0"/>
						<line number="497" hits="0"/>
						<line number="498" hits="0"/>
						<line number="504" hits="0"/>
					</lines>
				</class>
			</classes>
		</package>
	</packages>
</coverage>
